---------------------------------------------------------------
[2021-07-08T18:45:07+08:00] 127.0.0.1 GET admin.tp6.com/login/index.html
[ info ] [ VIEW ] D:\Web\www.tp6.com\app\admin\view\login\index.html [ array (
) ]
---------------------------------------------------------------
[2021-07-08T18:45:12+08:00] 127.0.0.1 POST admin.tp6.com/login/index.html
[ sql ] [ DB ] CONNECT:[ UseTime:0.000526s ] mysql:host=127.0.0.1;port=3306;dbname=www_tp6_com;charset=utf8
[ sql ] [ SQL ] SHOW FULL COLUMNS FROM `admin` [ RunTime:0.001191s ]
[ sql ] [ SQL ] SELECT * FROM `admin` WHERE  `name` = '神织知更' LIMIT 1 [ RunTime:0.000237s ]
[ sql ] [ SQL ] UPDATE `admin`  SET `login_num` = 555 , `last_login_time` = 1625741112  WHERE  `id` = 1 [ RunTime:0.002583s ]
---------------------------------------------------------------
[2021-07-08T18:45:13+08:00] 127.0.0.1 GET admin.tp6.com/home/index.html
[ sql ] [ DB ] CONNECT:[ UseTime:0.000437s ] mysql:host=127.0.0.1;port=3306;dbname=www_tp6_com;charset=utf8
[ sql ] [ SQL ] SHOW FULL COLUMNS FROM `node` [ RunTime:0.001069s ]
[ sql ] [ SQL ] SELECT `id` FROM `node` WHERE  `show` = 1 ORDER BY `sort` ASC [ RunTime:0.000233s ]
[ info ] [ VIEW ] D:\Web\www.tp6.com\app\admin\view\home\index.html [ array (
  0 => 'node',
) ]
---------------------------------------------------------------
[2021-07-08T18:45:13+08:00] 127.0.0.1 GET admin.tp6.com/home/info.html
[ sql ] [ DB ] CONNECT:[ UseTime:0.000787s ] mysql:host=127.0.0.1;port=3306;dbname=www_tp6_com;charset=utf8
[ sql ] [ SQL ] SHOW FULL COLUMNS FROM `admin` [ RunTime:0.003801s ]
[ sql ] [ SQL ] SELECT * FROM `admin` WHERE  `id` = 1 LIMIT 1 [ RunTime:0.000374s ]
[ sql ] [ SQL ] SHOW FULL COLUMNS FROM `admin_role` [ RunTime:0.001186s ]
[ sql ] [ SQL ] SHOW FULL COLUMNS FROM `role` [ RunTime:0.000983s ]
[ sql ] [ SQL ] SELECT `role`.*,`pivot`.`admin_id` AS `pivot__admin_id`,`pivot`.`role_id` AS `pivot__role_id` FROM `role` INNER JOIN `admin_role` `pivot` ON `pivot`.`role_id`=`role`.`id` WHERE  `pivot`.`admin_id` = 1 [ RunTime:0.000374s ]
[ info ] [ VIEW ] D:\Web\www.tp6.com\app\admin\view\home\info.html [ array (
  0 => 'admin',
  1 => 'adminRole',
) ]
---------------------------------------------------------------
[2021-07-08T18:45:15+08:00] 127.0.0.1 GET admin.tp6.com/admin/index.html
[ sql ] [ DB ] CONNECT:[ UseTime:0.000428s ] mysql:host=127.0.0.1;port=3306;dbname=www_tp6_com;charset=utf8
[ sql ] [ SQL ] SHOW FULL COLUMNS FROM `admin` [ RunTime:0.000527s ]
[ sql ] [ SQL ] SELECT `id`,`name`,`real_name`,`qq`,`status` FROM `admin` [ RunTime:0.000161s ]
[ sql ] [ SQL ] SHOW FULL COLUMNS FROM `admin_role` [ RunTime:0.000352s ]
[ sql ] [ SQL ] SHOW FULL COLUMNS FROM `role` [ RunTime:0.000352s ]
[ sql ] [ SQL ] SELECT `name`,`role`.`name`,`pivot`.`admin_id` AS `pivot__admin_id`,`pivot`.`role_id` AS `pivot__role_id` FROM `role` INNER JOIN `admin_role` `pivot` ON `pivot`.`role_id`=`role`.`id` WHERE  `pivot`.`admin_id` IN (1,3,6) [ RunTime:0.000296s ]
[ info ] [ VIEW ] D:\Web\www.tp6.com\app\admin\view\admin\index.html [ array (
  0 => 'adminList',
) ]
---------------------------------------------------------------
[2021-07-08T18:45:22+08:00] 127.0.0.1 GET admin.tp6.com/admin/admin_edit.html?id=6
[ sql ] [ DB ] CONNECT:[ UseTime:0.000709s ] mysql:host=127.0.0.1;port=3306;dbname=www_tp6_com;charset=utf8
[ sql ] [ SQL ] SHOW FULL COLUMNS FROM `admin` [ RunTime:0.000809s ]
[ sql ] [ SQL ] SELECT * FROM `admin` WHERE  `id` = 6 LIMIT 1 [ RunTime:0.000320s ]
[ sql ] [ SQL ] SHOW FULL COLUMNS FROM `admin_role` [ RunTime:0.001685s ]
[ sql ] [ SQL ] SHOW FULL COLUMNS FROM `role` [ RunTime:0.001057s ]
[ sql ] [ SQL ] SELECT `role`.*,`pivot`.`admin_id` AS `pivot__admin_id`,`pivot`.`role_id` AS `pivot__role_id` FROM `role` INNER JOIN `admin_role` `pivot` ON `pivot`.`role_id`=`role`.`id` WHERE  `pivot`.`admin_id` = 6 [ RunTime:0.000252s ]
[ sql ] [ SQL ] SELECT * FROM `role` [ RunTime:0.000173s ]
[ info ] [ VIEW ] D:\Web\www.tp6.com\app\admin\view\admin\admin_edit.html [ array (
  0 => 'admin',
  1 => 'adminRole',
  2 => 'role',
) ]
---------------------------------------------------------------
[2021-07-08T18:45:28+08:00] 127.0.0.1 GET admin.tp6.com/admin/index.html
[ sql ] [ DB ] CONNECT:[ UseTime:0.017693s ] mysql:host=127.0.0.1;port=3306;dbname=www_tp6_com;charset=utf8
[ sql ] [ SQL ] SHOW FULL COLUMNS FROM `admin` [ RunTime:0.000794s ]
[ sql ] [ SQL ] SELECT `id`,`name`,`real_name`,`qq`,`status` FROM `admin` [ RunTime:0.000175s ]
[ sql ] [ SQL ] SHOW FULL COLUMNS FROM `admin_role` [ RunTime:0.001161s ]
[ sql ] [ SQL ] SHOW FULL COLUMNS FROM `role` [ RunTime:0.000921s ]
[ sql ] [ SQL ] SELECT `name`,`role`.`name`,`pivot`.`admin_id` AS `pivot__admin_id`,`pivot`.`role_id` AS `pivot__role_id` FROM `role` INNER JOIN `admin_role` `pivot` ON `pivot`.`role_id`=`role`.`id` WHERE  `pivot`.`admin_id` IN (1,3,6) [ RunTime:0.000263s ]
[ info ] [ VIEW ] D:\Web\www.tp6.com\app\admin\view\admin\index.html [ array (
  0 => 'adminList',
) ]
---------------------------------------------------------------
[2021-07-08T18:45:33+08:00] 127.0.0.1 GET admin.tp6.com/admin/node.html
[ sql ] [ DB ] CONNECT:[ UseTime:0.000479s ] mysql:host=127.0.0.1;port=3306;dbname=www_tp6_com;charset=utf8
[ sql ] [ SQL ] SHOW FULL COLUMNS FROM `node` [ RunTime:0.001185s ]
[ sql ] [ SQL ] SELECT * FROM `node` ORDER BY `sort` [ RunTime:0.000545s ]
[ info ] [ VIEW ] D:\Web\www.tp6.com\app\admin\view\admin\node.html [ array (
  0 => 'node',
) ]
---------------------------------------------------------------
[2021-07-08T18:45:35+08:00] 127.0.0.1 GET admin.tp6.com/pay/index.html
[ info ] [ VIEW ] D:\Web\www.tp6.com\app\admin\view\pay\index.html [ array (
  0 => 'user_id',
  1 => 'username',
  2 => 'number',
  3 => 'status',
) ]
---------------------------------------------------------------
[2021-07-08T18:45:35+08:00] 127.0.0.1 GET admin.tp6.com/pay/index_data.html?status=0&page=1&limit=20
[ sql ] [ DB ] CONNECT:[ UseTime:0.000452s ] mysql:host=127.0.0.1;port=3306;dbname=www_tp6_com;charset=utf8
[ sql ] [ SQL ] SHOW FULL COLUMNS FROM `pay` [ RunTime:0.001299s ]
[ sql ] [ SQL ] SELECT COUNT(*) AS tp_count FROM `pay` `a` INNER JOIN `user` `b` ON `a`.`user_id`=`b`.`id` [ RunTime:0.003303s ]
[ sql ] [ SQL ] SELECT COUNT(*) AS tp_count FROM `pay` `a` INNER JOIN `user` `b` ON `a`.`user_id`=`b`.`id` [ RunTime:0.000226s ]
[ sql ] [ SQL ] SELECT `a`.*,`b`.`username` FROM `pay` `a` INNER JOIN `user` `b` ON `a`.`user_id`=`b`.`id` ORDER BY `a`.`id` DESC LIMIT 0,20 [ RunTime:0.000256s ]
---------------------------------------------------------------
[2021-07-08T18:45:38+08:00] 127.0.0.1 GET admin.tp6.com/tixian/index.html
[ info ] [ VIEW ] D:\Web\www.tp6.com\app\admin\view\tixian\index.html [ array (
  0 => 'user_id',
  1 => 'username',
  2 => 'number',
  3 => 'status',
) ]
---------------------------------------------------------------
[2021-07-08T18:45:38+08:00] 127.0.0.1 GET admin.tp6.com/tixian/index_data.html?status=0&page=1&limit=20
[ sql ] [ DB ] CONNECT:[ UseTime:0.000541s ] mysql:host=127.0.0.1;port=3306;dbname=www_tp6_com;charset=utf8
[ sql ] [ SQL ] SHOW FULL COLUMNS FROM `tixian` [ RunTime:0.001129s ]
[ sql ] [ SQL ] SELECT COUNT(*) AS tp_count FROM `tixian` `a` INNER JOIN `user` `b` ON `b`.`id`=`a`.`user_id` [ RunTime:0.000850s ]
[ sql ] [ SQL ] SELECT COUNT(*) AS tp_count FROM `tixian` `a` INNER JOIN `user` `b` ON `b`.`id`=`a`.`user_id` [ RunTime:0.000155s ]
[ sql ] [ SQL ] SELECT `a`.*,`b`.`username`,b.id as bid FROM `tixian` `a` INNER JOIN `user` `b` ON `b`.`id`=`a`.`user_id` ORDER BY `a`.`id` DESC LIMIT 0,20 [ RunTime:0.000227s ]
---------------------------------------------------------------
[2021-07-08T18:45:41+08:00] 127.0.0.1 GET admin.tp6.com/pay/index.html
[ info ] [ VIEW ] D:\Web\www.tp6.com\app\admin\view\pay\index.html [ array (
  0 => 'user_id',
  1 => 'username',
  2 => 'number',
  3 => 'status',
) ]
---------------------------------------------------------------
[2021-07-08T18:45:41+08:00] 127.0.0.1 GET admin.tp6.com/pay/index_data.html?status=0&page=1&limit=20
[ sql ] [ DB ] CONNECT:[ UseTime:0.000583s ] mysql:host=127.0.0.1;port=3306;dbname=www_tp6_com;charset=utf8
[ sql ] [ SQL ] SHOW FULL COLUMNS FROM `pay` [ RunTime:0.001130s ]
[ sql ] [ SQL ] SELECT COUNT(*) AS tp_count FROM `pay` `a` INNER JOIN `user` `b` ON `a`.`user_id`=`b`.`id` [ RunTime:0.000764s ]
[ sql ] [ SQL ] SELECT COUNT(*) AS tp_count FROM `pay` `a` INNER JOIN `user` `b` ON `a`.`user_id`=`b`.`id` [ RunTime:0.000148s ]
[ sql ] [ SQL ] SELECT `a`.*,`b`.`username` FROM `pay` `a` INNER JOIN `user` `b` ON `a`.`user_id`=`b`.`id` ORDER BY `a`.`id` DESC LIMIT 0,20 [ RunTime:0.000197s ]
---------------------------------------------------------------
[2021-07-08T18:45:42+08:00] 127.0.0.1 GET admin.tp6.com/admin/node_tree.html
[ sql ] [ DB ] CONNECT:[ UseTime:0.000449s ] mysql:host=127.0.0.1;port=3306;dbname=www_tp6_com;charset=utf8
[ sql ] [ SQL ] SHOW FULL COLUMNS FROM `node` [ RunTime:0.001149s ]
[ sql ] [ SQL ] SELECT * FROM `node` ORDER BY `sort` [ RunTime:0.000275s ]
[ info ] [ VIEW ] D:\Web\www.tp6.com\app\admin\view\admin\node_tree.html [ array (
  0 => 'node',
) ]
---------------------------------------------------------------
[2021-07-08T18:45:46+08:00] 127.0.0.1 GET admin.tp6.com/admin/role.html
[ sql ] [ DB ] CONNECT:[ UseTime:0.000440s ] mysql:host=127.0.0.1;port=3306;dbname=www_tp6_com;charset=utf8
[ sql ] [ SQL ] SHOW FULL COLUMNS FROM `role` [ RunTime:0.000488s ]
[ sql ] [ SQL ] SELECT `id` FROM `role` [ RunTime:0.000135s ]
[ sql ] [ SQL ] SELECT * FROM `role` WHERE  `id` = 9 LIMIT 1 [ RunTime:0.000155s ]
[ sql ] [ SQL ] SHOW FULL COLUMNS FROM `admin_role` [ RunTime:0.000336s ]
[ sql ] [ SQL ] SHOW FULL COLUMNS FROM `admin` [ RunTime:0.000367s ]
[ sql ] [ SQL ] SELECT `admin`.*,`pivot`.`admin_id` AS `pivot__admin_id`,`pivot`.`role_id` AS `pivot__role_id` FROM `admin` INNER JOIN `admin_role` `pivot` ON `pivot`.`admin_id`=`admin`.`id` WHERE  `pivot`.`role_id` = 9 [ RunTime:0.002081s ]
[ sql ] [ SQL ] SELECT * FROM `role` WHERE  `id` = 30 LIMIT 1 [ RunTime:0.000166s ]
[ sql ] [ SQL ] SELECT `admin`.*,`pivot`.`admin_id` AS `pivot__admin_id`,`pivot`.`role_id` AS `pivot__role_id` FROM `admin` INNER JOIN `admin_role` `pivot` ON `pivot`.`admin_id`=`admin`.`id` WHERE  `pivot`.`role_id` = 30 [ RunTime:0.001885s ]
[ sql ] [ SQL ] SELECT * FROM `role` WHERE  `id` = 31 LIMIT 1 [ RunTime:0.000269s ]
[ sql ] [ SQL ] SELECT `admin`.*,`pivot`.`admin_id` AS `pivot__admin_id`,`pivot`.`role_id` AS `pivot__role_id` FROM `admin` INNER JOIN `admin_role` `pivot` ON `pivot`.`admin_id`=`admin`.`id` WHERE  `pivot`.`role_id` = 31 [ RunTime:0.000238s ]
[ sql ] [ SQL ] SELECT * FROM `role` WHERE  `id` = 32 LIMIT 1 [ RunTime:0.000132s ]
[ sql ] [ SQL ] SELECT `admin`.*,`pivot`.`admin_id` AS `pivot__admin_id`,`pivot`.`role_id` AS `pivot__role_id` FROM `admin` INNER JOIN `admin_role` `pivot` ON `pivot`.`admin_id`=`admin`.`id` WHERE  `pivot`.`role_id` = 32 [ RunTime:0.000202s ]
[ sql ] [ SQL ] SELECT * FROM `role` WHERE  `id` = 36 LIMIT 1 [ RunTime:0.000137s ]
[ sql ] [ SQL ] SELECT `admin`.*,`pivot`.`admin_id` AS `pivot__admin_id`,`pivot`.`role_id` AS `pivot__role_id` FROM `admin` INNER JOIN `admin_role` `pivot` ON `pivot`.`admin_id`=`admin`.`id` WHERE  `pivot`.`role_id` = 36 [ RunTime:0.000196s ]
[ info ] [ VIEW ] D:\Web\www.tp6.com\app\admin\view\admin\role.html [ array (
  0 => 'roleList',
) ]
---------------------------------------------------------------
[2021-07-08T18:45:47+08:00] 127.0.0.1 GET admin.tp6.com/admin/index.html
[ sql ] [ DB ] CONNECT:[ UseTime:0.000458s ] mysql:host=127.0.0.1;port=3306;dbname=www_tp6_com;charset=utf8
[ sql ] [ SQL ] SHOW FULL COLUMNS FROM `admin` [ RunTime:0.000543s ]
[ sql ] [ SQL ] SELECT `id`,`name`,`real_name`,`qq`,`status` FROM `admin` [ RunTime:0.000159s ]
[ sql ] [ SQL ] SHOW FULL COLUMNS FROM `admin_role` [ RunTime:0.000360s ]
[ sql ] [ SQL ] SHOW FULL COLUMNS FROM `role` [ RunTime:0.000314s ]
[ sql ] [ SQL ] SELECT `name`,`role`.`name`,`pivot`.`admin_id` AS `pivot__admin_id`,`pivot`.`role_id` AS `pivot__role_id` FROM `role` INNER JOIN `admin_role` `pivot` ON `pivot`.`role_id`=`role`.`id` WHERE  `pivot`.`admin_id` IN (1,3,6) [ RunTime:0.000243s ]
[ info ] [ VIEW ] D:\Web\www.tp6.com\app\admin\view\admin\index.html [ array (
  0 => 'adminList',
) ]
---------------------------------------------------------------
[2021-07-08T18:45:50+08:00] 127.0.0.1 GET admin.tp6.com/home/info.html
[ sql ] [ DB ] CONNECT:[ UseTime:0.000449s ] mysql:host=127.0.0.1;port=3306;dbname=www_tp6_com;charset=utf8
[ sql ] [ SQL ] SHOW FULL COLUMNS FROM `admin` [ RunTime:0.000506s ]
[ sql ] [ SQL ] SELECT * FROM `admin` WHERE  `id` = 1 LIMIT 1 [ RunTime:0.000195s ]
[ sql ] [ SQL ] SHOW FULL COLUMNS FROM `admin_role` [ RunTime:0.001659s ]
[ sql ] [ SQL ] SHOW FULL COLUMNS FROM `role` [ RunTime:0.000547s ]
[ sql ] [ SQL ] SELECT `role`.*,`pivot`.`admin_id` AS `pivot__admin_id`,`pivot`.`role_id` AS `pivot__role_id` FROM `role` INNER JOIN `admin_role` `pivot` ON `pivot`.`role_id`=`role`.`id` WHERE  `pivot`.`admin_id` = 1 [ RunTime:0.000368s ]
[ info ] [ VIEW ] D:\Web\www.tp6.com\app\admin\view\home\info.html [ array (
  0 => 'admin',
  1 => 'adminRole',
) ]
---------------------------------------------------------------
[2021-07-08T18:48:30+08:00] 127.0.0.1 GET admin.tp6.com/
[ sql ] [ DB ] CONNECT:[ UseTime:0.020543s ] mysql:host=127.0.0.1;port=3306;dbname=www_tp6_com;charset=utf8
[ sql ] [ SQL ] SHOW FULL COLUMNS FROM `node` [ RunTime:0.001314s ]
[ sql ] [ SQL ] SELECT `id` FROM `node` WHERE  `show` = 1 ORDER BY `sort` ASC [ RunTime:0.000486s ]
[ info ] [ VIEW ] D:\Web\www.tp6.com\app\admin\view\home\index.html [ array (
  0 => 'node',
) ]
---------------------------------------------------------------
[2021-07-08T18:48:30+08:00] 127.0.0.1 GET admin.tp6.com/home/info.html
[ sql ] [ DB ] CONNECT:[ UseTime:0.000445s ] mysql:host=127.0.0.1;port=3306;dbname=www_tp6_com;charset=utf8
[ sql ] [ SQL ] SHOW FULL COLUMNS FROM `admin` [ RunTime:0.001385s ]
[ sql ] [ SQL ] SELECT * FROM `admin` WHERE  `id` = 1 LIMIT 1 [ RunTime:0.000948s ]
[ sql ] [ SQL ] SHOW FULL COLUMNS FROM `admin_role` [ RunTime:0.001162s ]
[ sql ] [ SQL ] SHOW FULL COLUMNS FROM `role` [ RunTime:0.000930s ]
[ sql ] [ SQL ] SELECT `role`.*,`pivot`.`admin_id` AS `pivot__admin_id`,`pivot`.`role_id` AS `pivot__role_id` FROM `role` INNER JOIN `admin_role` `pivot` ON `pivot`.`role_id`=`role`.`id` WHERE  `pivot`.`admin_id` = 1 [ RunTime:0.000268s ]
[ info ] [ VIEW ] D:\Web\www.tp6.com\app\admin\view\home\info.html [ array (
  0 => 'admin',
  1 => 'adminRole',
) ]
---------------------------------------------------------------
[2021-07-08T18:48:32+08:00] 127.0.0.1 GET admin.tp6.com/admin/index.html
[ sql ] [ DB ] CONNECT:[ UseTime:0.001176s ] mysql:host=127.0.0.1;port=3306;dbname=www_tp6_com;charset=utf8
[ sql ] [ SQL ] SHOW FULL COLUMNS FROM `admin` [ RunTime:0.002212s ]
[ sql ] [ SQL ] SELECT `id`,`name`,`real_name`,`qq`,`status` FROM `admin` [ RunTime:0.000361s ]
[ sql ] [ SQL ] SHOW FULL COLUMNS FROM `admin_role` [ RunTime:0.000611s ]
[ sql ] [ SQL ] SHOW FULL COLUMNS FROM `role` [ RunTime:0.001071s ]
[ sql ] [ SQL ] SELECT `name`,`role`.`name`,`pivot`.`admin_id` AS `pivot__admin_id`,`pivot`.`role_id` AS `pivot__role_id` FROM `role` INNER JOIN `admin_role` `pivot` ON `pivot`.`role_id`=`role`.`id` WHERE  `pivot`.`admin_id` IN (1,3,6) [ RunTime:0.000273s ]
[ info ] [ VIEW ] D:\Web\www.tp6.com\app\admin\view\admin\index.html [ array (
  0 => 'adminList',
) ]
---------------------------------------------------------------
[2021-07-08T18:48:34+08:00] 127.0.0.1 GET admin.tp6.com/admin/role.html
[ sql ] [ DB ] CONNECT:[ UseTime:0.000445s ] mysql:host=127.0.0.1;port=3306;dbname=www_tp6_com;charset=utf8
[ sql ] [ SQL ] SHOW FULL COLUMNS FROM `role` [ RunTime:0.000761s ]
[ sql ] [ SQL ] SELECT `id` FROM `role` [ RunTime:0.000306s ]
[ sql ] [ SQL ] SELECT * FROM `role` WHERE  `id` = 9 LIMIT 1 [ RunTime:0.001658s ]
[ sql ] [ SQL ] SHOW FULL COLUMNS FROM `admin_role` [ RunTime:0.001243s ]
[ sql ] [ SQL ] SHOW FULL COLUMNS FROM `admin` [ RunTime:0.000391s ]
[ sql ] [ SQL ] SELECT `admin`.*,`pivot`.`admin_id` AS `pivot__admin_id`,`pivot`.`role_id` AS `pivot__role_id` FROM `admin` INNER JOIN `admin_role` `pivot` ON `pivot`.`admin_id`=`admin`.`id` WHERE  `pivot`.`role_id` = 9 [ RunTime:0.000296s ]
[ sql ] [ SQL ] SELECT * FROM `role` WHERE  `id` = 30 LIMIT 1 [ RunTime:0.000152s ]
[ sql ] [ SQL ] SELECT `admin`.*,`pivot`.`admin_id` AS `pivot__admin_id`,`pivot`.`role_id` AS `pivot__role_id` FROM `admin` INNER JOIN `admin_role` `pivot` ON `pivot`.`admin_id`=`admin`.`id` WHERE  `pivot`.`role_id` = 30 [ RunTime:0.000318s ]
[ sql ] [ SQL ] SELECT * FROM `role` WHERE  `id` = 31 LIMIT 1 [ RunTime:0.000160s ]
[ sql ] [ SQL ] SELECT `admin`.*,`pivot`.`admin_id` AS `pivot__admin_id`,`pivot`.`role_id` AS `pivot__role_id` FROM `admin` INNER JOIN `admin_role` `pivot` ON `pivot`.`admin_id`=`admin`.`id` WHERE  `pivot`.`role_id` = 31 [ RunTime:0.000195s ]
[ sql ] [ SQL ] SELECT * FROM `role` WHERE  `id` = 32 LIMIT 1 [ RunTime:0.000139s ]
[ sql ] [ SQL ] SELECT `admin`.*,`pivot`.`admin_id` AS `pivot__admin_id`,`pivot`.`role_id` AS `pivot__role_id` FROM `admin` INNER JOIN `admin_role` `pivot` ON `pivot`.`admin_id`=`admin`.`id` WHERE  `pivot`.`role_id` = 32 [ RunTime:0.000190s ]
[ sql ] [ SQL ] SELECT * FROM `role` WHERE  `id` = 36 LIMIT 1 [ RunTime:0.000138s ]
[ sql ] [ SQL ] SELECT `admin`.*,`pivot`.`admin_id` AS `pivot__admin_id`,`pivot`.`role_id` AS `pivot__role_id` FROM `admin` INNER JOIN `admin_role` `pivot` ON `pivot`.`admin_id`=`admin`.`id` WHERE  `pivot`.`role_id` = 36 [ RunTime:0.000209s ]
[ info ] [ VIEW ] D:\Web\www.tp6.com\app\admin\view\admin\role.html [ array (
  0 => 'roleList',
) ]
---------------------------------------------------------------
[2021-07-08T18:48:34+08:00] 127.0.0.1 GET admin.tp6.com/admin/index.html
[ sql ] [ DB ] CONNECT:[ UseTime:0.000456s ] mysql:host=127.0.0.1;port=3306;dbname=www_tp6_com;charset=utf8
[ sql ] [ SQL ] SHOW FULL COLUMNS FROM `admin` [ RunTime:0.000530s ]
[ sql ] [ SQL ] SELECT `id`,`name`,`real_name`,`qq`,`status` FROM `admin` [ RunTime:0.000168s ]
[ sql ] [ SQL ] SHOW FULL COLUMNS FROM `admin_role` [ RunTime:0.000346s ]
[ sql ] [ SQL ] SHOW FULL COLUMNS FROM `role` [ RunTime:0.000332s ]
[ sql ] [ SQL ] SELECT `name`,`role`.`name`,`pivot`.`admin_id` AS `pivot__admin_id`,`pivot`.`role_id` AS `pivot__role_id` FROM `role` INNER JOIN `admin_role` `pivot` ON `pivot`.`role_id`=`role`.`id` WHERE  `pivot`.`admin_id` IN (1,3,6) [ RunTime:0.000251s ]
[ info ] [ VIEW ] D:\Web\www.tp6.com\app\admin\view\admin\index.html [ array (
  0 => 'adminList',
) ]
---------------------------------------------------------------
[2021-07-08T18:48:38+08:00] 127.0.0.1 GET admin.tp6.com/admin/admin_edit.html?id=6
[ sql ] [ DB ] CONNECT:[ UseTime:0.023489s ] mysql:host=127.0.0.1;port=3306;dbname=www_tp6_com;charset=utf8
[ sql ] [ SQL ] SHOW FULL COLUMNS FROM `admin` [ RunTime:0.000529s ]
[ sql ] [ SQL ] SELECT * FROM `admin` WHERE  `id` = 6 LIMIT 1 [ RunTime:0.000220s ]
[ sql ] [ SQL ] SHOW FULL COLUMNS FROM `admin_role` [ RunTime:0.000353s ]
[ sql ] [ SQL ] SHOW FULL COLUMNS FROM `role` [ RunTime:0.000327s ]
[ sql ] [ SQL ] SELECT `role`.*,`pivot`.`admin_id` AS `pivot__admin_id`,`pivot`.`role_id` AS `pivot__role_id` FROM `role` INNER JOIN `admin_role` `pivot` ON `pivot`.`role_id`=`role`.`id` WHERE  `pivot`.`admin_id` = 6 [ RunTime:0.000250s ]
[ sql ] [ SQL ] SELECT * FROM `role` [ RunTime:0.000128s ]
[ info ] [ VIEW ] D:\Web\www.tp6.com\app\admin\view\admin\admin_edit.html [ array (
  0 => 'admin',
  1 => 'adminRole',
  2 => 'role',
) ]
---------------------------------------------------------------
[2021-07-08T18:48:48+08:00] 127.0.0.1 POST admin.tp6.com/admin/admin_edit.html
[ sql ] [ DB ] CONNECT:[ UseTime:0.000446s ] mysql:host=127.0.0.1;port=3306;dbname=www_tp6_com;charset=utf8
[ sql ] [ SQL ] SHOW FULL COLUMNS FROM `admin` [ RunTime:0.000535s ]
[ sql ] [ SQL ] SELECT * FROM `admin` WHERE  `id` = 6 LIMIT 1 [ RunTime:0.000194s ]
[ sql ] [ SQL ] SELECT `id` FROM `admin` WHERE  `name` = '崔斯塔娜'  AND `id` <> 6 LIMIT 1 [ RunTime:0.000186s ]
[ sql ] [ SQL ] UPDATE `admin`  SET `create_time` = 1625741328  WHERE  `id` = 6 [ RunTime:0.000176s ]
[ sql ] [ SQL ] SHOW FULL COLUMNS FROM `admin_role` [ RunTime:0.000349s ]
[ sql ] [ SQL ] SHOW FULL COLUMNS FROM `role` [ RunTime:0.000340s ]
[ sql ] [ SQL ] SELECT `role`.*,`pivot`.`admin_id` AS `pivot__admin_id`,`pivot`.`role_id` AS `pivot__role_id` FROM `role` INNER JOIN `admin_role` `pivot` ON `pivot`.`role_id`=`role`.`id` WHERE  `pivot`.`admin_id` = 6 [ RunTime:0.000195s ]
[ sql ] [ SQL ] DELETE FROM `admin_role` WHERE  `admin_id` = 6  AND `role_id` = 36 [ RunTime:0.000371s ]
[ error ] [0]method not exist:think\db\Query->getError[D:\Web\www.tp6.com\vendor\topthink\framework\src\think\db\BaseQuery.php:138]
---------------------------------------------------------------
[2021-07-08T18:48:54+08:00] 127.0.0.1 GET admin.tp6.com/admin/admin_edit.html?id=6
[ sql ] [ DB ] CONNECT:[ UseTime:0.000419s ] mysql:host=127.0.0.1;port=3306;dbname=www_tp6_com;charset=utf8
[ sql ] [ SQL ] SHOW FULL COLUMNS FROM `admin` [ RunTime:0.000514s ]
[ sql ] [ SQL ] SELECT * FROM `admin` WHERE  `id` = 6 LIMIT 1 [ RunTime:0.000347s ]
[ sql ] [ SQL ] SHOW FULL COLUMNS FROM `admin_role` [ RunTime:0.003235s ]
[ sql ] [ SQL ] SHOW FULL COLUMNS FROM `role` [ RunTime:0.001562s ]
[ sql ] [ SQL ] SELECT `role`.*,`pivot`.`admin_id` AS `pivot__admin_id`,`pivot`.`role_id` AS `pivot__role_id` FROM `role` INNER JOIN `admin_role` `pivot` ON `pivot`.`role_id`=`role`.`id` WHERE  `pivot`.`admin_id` = 6 [ RunTime:0.000275s ]
[ sql ] [ SQL ] SELECT * FROM `role` [ RunTime:0.000129s ]
[ info ] [ VIEW ] D:\Web\www.tp6.com\app\admin\view\admin\admin_edit.html [ array (
  0 => 'admin',
  1 => 'adminRole',
  2 => 'role',
) ]
---------------------------------------------------------------
[2021-07-08T18:48:56+08:00] 127.0.0.1 GET admin.tp6.com/admin/admin_edit.html?id=6
[ sql ] [ DB ] CONNECT:[ UseTime:0.000450s ] mysql:host=127.0.0.1;port=3306;dbname=www_tp6_com;charset=utf8
[ sql ] [ SQL ] SHOW FULL COLUMNS FROM `admin` [ RunTime:0.000518s ]
[ sql ] [ SQL ] SELECT * FROM `admin` WHERE  `id` = 6 LIMIT 1 [ RunTime:0.000190s ]
[ sql ] [ SQL ] SHOW FULL COLUMNS FROM `admin_role` [ RunTime:0.000351s ]
[ sql ] [ SQL ] SHOW FULL COLUMNS FROM `role` [ RunTime:0.000319s ]
[ sql ] [ SQL ] SELECT `role`.*,`pivot`.`admin_id` AS `pivot__admin_id`,`pivot`.`role_id` AS `pivot__role_id` FROM `role` INNER JOIN `admin_role` `pivot` ON `pivot`.`role_id`=`role`.`id` WHERE  `pivot`.`admin_id` = 6 [ RunTime:0.000258s ]
[ sql ] [ SQL ] SELECT * FROM `role` [ RunTime:0.000138s ]
[ info ] [ VIEW ] D:\Web\www.tp6.com\app\admin\view\admin\admin_edit.html [ array (
  0 => 'admin',
  1 => 'adminRole',
  2 => 'role',
) ]
---------------------------------------------------------------
[2021-07-08T18:52:23+08:00] 127.0.0.1 POST admin.tp6.com/admin/admin_edit.html
[ sql ] [ DB ] CONNECT:[ UseTime:0.017313s ] mysql:host=127.0.0.1;port=3306;dbname=www_tp6_com;charset=utf8
[ sql ] [ SQL ] SHOW FULL COLUMNS FROM `admin` [ RunTime:0.000628s ]
[ sql ] [ SQL ] SELECT * FROM `admin` WHERE  `id` = 6 LIMIT 1 [ RunTime:0.000194s ]
[ sql ] [ SQL ] SELECT `id` FROM `admin` WHERE  `name` = '崔斯塔娜'  AND `id` <> 6 LIMIT 1 [ RunTime:0.000190s ]
[ sql ] [ SQL ] UPDATE `admin`  SET `create_time` = 1625741543  WHERE  `id` = 6 [ RunTime:0.000361s ]
[ sql ] [ SQL ] SHOW FULL COLUMNS FROM `admin_role` [ RunTime:0.000666s ]
[ sql ] [ SQL ] SHOW FULL COLUMNS FROM `role` [ RunTime:0.000342s ]
[ sql ] [ SQL ] SELECT `role`.*,`pivot`.`admin_id` AS `pivot__admin_id`,`pivot`.`role_id` AS `pivot__role_id` FROM `role` INNER JOIN `admin_role` `pivot` ON `pivot`.`role_id`=`role`.`id` WHERE  `pivot`.`admin_id` = 6 [ RunTime:0.000243s ]
[ sql ] [ SQL ] DELETE FROM `admin_role` WHERE  `admin_id` = 6  AND `role_id` = 36 [ RunTime:0.000234s ]
[ error ] [0]method not exist:think\db\Query->getError[D:\Web\www.tp6.com\vendor\topthink\framework\src\think\db\BaseQuery.php:138]
---------------------------------------------------------------
[2021-07-08T18:53:49+08:00] 127.0.0.1 POST admin.tp6.com/admin/admin_edit.html
[ sql ] [ DB ] CONNECT:[ UseTime:0.000756s ] mysql:host=127.0.0.1;port=3306;dbname=www_tp6_com;charset=utf8
[ sql ] [ SQL ] SHOW FULL COLUMNS FROM `admin` [ RunTime:0.001427s ]
[ sql ] [ SQL ] SELECT * FROM `admin` WHERE  `id` = 6 LIMIT 1 [ RunTime:0.000241s ]
[ sql ] [ SQL ] SELECT `id` FROM `admin` WHERE  `name` = '崔斯塔娜'  AND `id` <> 6 LIMIT 1 [ RunTime:0.000208s ]
[ sql ] [ SQL ] UPDATE `admin`  SET `create_time` = 1625741629  WHERE  `id` = 6 [ RunTime:0.000198s ]
[ sql ] [ SQL ] SHOW FULL COLUMNS FROM `admin_role` [ RunTime:0.000420s ]
[ sql ] [ SQL ] SHOW FULL COLUMNS FROM `role` [ RunTime:0.000351s ]
[ sql ] [ SQL ] SELECT `role`.*,`pivot`.`admin_id` AS `pivot__admin_id`,`pivot`.`role_id` AS `pivot__role_id` FROM `role` INNER JOIN `admin_role` `pivot` ON `pivot`.`role_id`=`role`.`id` WHERE  `pivot`.`admin_id` = 6 [ RunTime:0.000210s ]
[ sql ] [ SQL ] DELETE FROM `admin_role` WHERE  `admin_id` = 6  AND `role_id` = 36 [ RunTime:0.000185s ]
[ error ] [0]method not exist:think\db\Query->getError[D:\Web\www.tp6.com\vendor\topthink\framework\src\think\db\BaseQuery.php:138]
---------------------------------------------------------------
[2021-07-08T18:53:50+08:00] 127.0.0.1 POST admin.tp6.com/admin/admin_edit.html
[ sql ] [ DB ] CONNECT:[ UseTime:0.000610s ] mysql:host=127.0.0.1;port=3306;dbname=www_tp6_com;charset=utf8
[ sql ] [ SQL ] SHOW FULL COLUMNS FROM `admin` [ RunTime:0.000591s ]
[ sql ] [ SQL ] SELECT * FROM `admin` WHERE  `id` = 6 LIMIT 1 [ RunTime:0.000189s ]
[ sql ] [ SQL ] SELECT `id` FROM `admin` WHERE  `name` = '崔斯塔娜'  AND `id` <> 6 LIMIT 1 [ RunTime:0.000219s ]
[ sql ] [ SQL ] UPDATE `admin`  SET `create_time` = 1625741630  WHERE  `id` = 6 [ RunTime:0.000184s ]
[ sql ] [ SQL ] SHOW FULL COLUMNS FROM `admin_role` [ RunTime:0.000407s ]
[ sql ] [ SQL ] SHOW FULL COLUMNS FROM `role` [ RunTime:0.000328s ]
[ sql ] [ SQL ] SELECT `role`.*,`pivot`.`admin_id` AS `pivot__admin_id`,`pivot`.`role_id` AS `pivot__role_id` FROM `role` INNER JOIN `admin_role` `pivot` ON `pivot`.`role_id`=`role`.`id` WHERE  `pivot`.`admin_id` = 6 [ RunTime:0.000222s ]
[ sql ] [ SQL ] DELETE FROM `admin_role` WHERE  `admin_id` = 6  AND `role_id` = 36 [ RunTime:0.000172s ]
[ error ] [0]method not exist:think\db\Query->getError[D:\Web\www.tp6.com\vendor\topthink\framework\src\think\db\BaseQuery.php:138]
---------------------------------------------------------------
[2021-07-08T18:53:55+08:00] 127.0.0.1 GET admin.tp6.com/admin/index.html
[ sql ] [ DB ] CONNECT:[ UseTime:0.000712s ] mysql:host=127.0.0.1;port=3306;dbname=www_tp6_com;charset=utf8
[ sql ] [ SQL ] SHOW FULL COLUMNS FROM `admin` [ RunTime:0.000543s ]
[ sql ] [ SQL ] SELECT `id`,`name`,`real_name`,`qq`,`status` FROM `admin` [ RunTime:0.000180s ]
[ sql ] [ SQL ] SHOW FULL COLUMNS FROM `admin_role` [ RunTime:0.000345s ]
[ sql ] [ SQL ] SHOW FULL COLUMNS FROM `role` [ RunTime:0.000312s ]
[ sql ] [ SQL ] SELECT `name`,`role`.`name`,`pivot`.`admin_id` AS `pivot__admin_id`,`pivot`.`role_id` AS `pivot__role_id` FROM `role` INNER JOIN `admin_role` `pivot` ON `pivot`.`role_id`=`role`.`id` WHERE  `pivot`.`admin_id` IN (1,3,6) [ RunTime:0.000256s ]
[ info ] [ VIEW ] D:\Web\www.tp6.com\app\admin\view\admin\index.html [ array (
  0 => 'adminList',
) ]
---------------------------------------------------------------
[2021-07-08T18:55:13+08:00] 127.0.0.1 GET admin.tp6.com/admin/admin_edit.html?id=6
[ sql ] [ DB ] CONNECT:[ UseTime:0.023520s ] mysql:host=127.0.0.1;port=3306;dbname=www_tp6_com;charset=utf8
[ sql ] [ SQL ] SHOW FULL COLUMNS FROM `admin` [ RunTime:0.000630s ]
[ sql ] [ SQL ] SELECT * FROM `admin` WHERE  `id` = 6 LIMIT 1 [ RunTime:0.000232s ]
[ sql ] [ SQL ] SHOW FULL COLUMNS FROM `admin_role` [ RunTime:0.000365s ]
[ sql ] [ SQL ] SHOW FULL COLUMNS FROM `role` [ RunTime:0.000333s ]
[ sql ] [ SQL ] SELECT `role`.*,`pivot`.`admin_id` AS `pivot__admin_id`,`pivot`.`role_id` AS `pivot__role_id` FROM `role` INNER JOIN `admin_role` `pivot` ON `pivot`.`role_id`=`role`.`id` WHERE  `pivot`.`admin_id` = 6 [ RunTime:0.000233s ]
[ sql ] [ SQL ] SELECT * FROM `role` [ RunTime:0.000440s ]
[ info ] [ VIEW ] D:\Web\www.tp6.com\app\admin\view\admin\admin_edit.html [ array (
  0 => 'admin',
  1 => 'adminRole',
  2 => 'role',
) ]
---------------------------------------------------------------
[2021-07-08T18:55:18+08:00] 127.0.0.1 POST admin.tp6.com/admin/admin_edit.html
[ sql ] [ DB ] CONNECT:[ UseTime:0.000411s ] mysql:host=127.0.0.1;port=3306;dbname=www_tp6_com;charset=utf8
[ sql ] [ SQL ] SHOW FULL COLUMNS FROM `admin` [ RunTime:0.000512s ]
[ sql ] [ SQL ] SELECT * FROM `admin` WHERE  `id` = 6 LIMIT 1 [ RunTime:0.000185s ]
---------------------------------------------------------------
[2021-07-08T18:55:46+08:00] 127.0.0.1 POST admin.tp6.com/admin/admin_edit.html
[ sql ] [ DB ] CONNECT:[ UseTime:0.000440s ] mysql:host=127.0.0.1;port=3306;dbname=www_tp6_com;charset=utf8
[ sql ] [ SQL ] SHOW FULL COLUMNS FROM `admin` [ RunTime:0.001206s ]
[ sql ] [ SQL ] SELECT * FROM `admin` WHERE  `id` = 6 LIMIT 1 [ RunTime:0.000575s ]
[ sql ] [ SQL ] SELECT `id` FROM `admin` WHERE  `name` = '崔斯塔娜'  AND `id` <> 6 LIMIT 1 [ RunTime:0.000329s ]
[ sql ] [ SQL ] UPDATE `admin`  SET `create_time` = 1625741746  WHERE  `id` = 6 [ RunTime:0.000200s ]
[ sql ] [ SQL ] SHOW FULL COLUMNS FROM `admin_role` [ RunTime:0.000419s ]
[ sql ] [ SQL ] SHOW FULL COLUMNS FROM `role` [ RunTime:0.000352s ]
[ sql ] [ SQL ] SELECT `role`.*,`pivot`.`admin_id` AS `pivot__admin_id`,`pivot`.`role_id` AS `pivot__role_id` FROM `role` INNER JOIN `admin_role` `pivot` ON `pivot`.`role_id`=`role`.`id` WHERE  `pivot`.`admin_id` = 6 [ RunTime:0.000236s ]
[ sql ] [ SQL ] DELETE FROM `admin_role` WHERE  `admin_id` = 6  AND `role_id` = 36 [ RunTime:0.000182s ]
---------------------------------------------------------------
[2021-07-08T18:55:58+08:00] 127.0.0.1 POST admin.tp6.com/admin/admin_edit.html
[ sql ] [ DB ] CONNECT:[ UseTime:0.000467s ] mysql:host=127.0.0.1;port=3306;dbname=www_tp6_com;charset=utf8
[ sql ] [ SQL ] SHOW FULL COLUMNS FROM `admin` [ RunTime:0.000530s ]
[ sql ] [ SQL ] SELECT * FROM `admin` WHERE  `id` = 6 LIMIT 1 [ RunTime:0.000188s ]
[ sql ] [ SQL ] SELECT `id` FROM `admin` WHERE  `name` = '崔斯塔娜'  AND `id` <> 6 LIMIT 1 [ RunTime:0.000198s ]
[ sql ] [ SQL ] UPDATE `admin`  SET `create_time` = 1625741758  WHERE  `id` = 6 [ RunTime:0.000164s ]
[ sql ] [ SQL ] SHOW FULL COLUMNS FROM `admin_role` [ RunTime:0.000968s ]
[ sql ] [ SQL ] SHOW FULL COLUMNS FROM `role` [ RunTime:0.000879s ]
[ sql ] [ SQL ] SELECT `role`.*,`pivot`.`admin_id` AS `pivot__admin_id`,`pivot`.`role_id` AS `pivot__role_id` FROM `role` INNER JOIN `admin_role` `pivot` ON `pivot`.`role_id`=`role`.`id` WHERE  `pivot`.`admin_id` = 6 [ RunTime:0.000221s ]
[ sql ] [ SQL ] DELETE FROM `admin_role` WHERE  `admin_id` = 6  AND `role_id` = 36 [ RunTime:0.000171s ]
---------------------------------------------------------------
[2021-07-08T18:56:13+08:00] 127.0.0.1 POST admin.tp6.com/admin/admin_edit.html
[ sql ] [ DB ] CONNECT:[ UseTime:0.000446s ] mysql:host=127.0.0.1;port=3306;dbname=www_tp6_com;charset=utf8
[ sql ] [ SQL ] SHOW FULL COLUMNS FROM `admin` [ RunTime:0.000512s ]
[ sql ] [ SQL ] SELECT * FROM `admin` WHERE  `id` = 6 LIMIT 1 [ RunTime:0.000187s ]
[ sql ] [ SQL ] SELECT `id` FROM `admin` WHERE  `name` = '崔斯塔娜'  AND `id` <> 6 LIMIT 1 [ RunTime:0.000187s ]
[ sql ] [ SQL ] UPDATE `admin`  SET `create_time` = 1625741773  WHERE  `id` = 6 [ RunTime:0.000159s ]
[ sql ] [ SQL ] SHOW FULL COLUMNS FROM `admin_role` [ RunTime:0.000358s ]
[ sql ] [ SQL ] SHOW FULL COLUMNS FROM `role` [ RunTime:0.000430s ]
[ sql ] [ SQL ] SELECT `role`.*,`pivot`.`admin_id` AS `pivot__admin_id`,`pivot`.`role_id` AS `pivot__role_id` FROM `role` INNER JOIN `admin_role` `pivot` ON `pivot`.`role_id`=`role`.`id` WHERE  `pivot`.`admin_id` = 6 [ RunTime:0.000265s ]
[ sql ] [ SQL ] DELETE FROM `admin_role` WHERE  `admin_id` = 6  AND `role_id` = 36 [ RunTime:0.000669s ]
---------------------------------------------------------------
[2021-07-08T18:56:22+08:00] 127.0.0.1 POST admin.tp6.com/admin/admin_edit.html
[ sql ] [ DB ] CONNECT:[ UseTime:0.000458s ] mysql:host=127.0.0.1;port=3306;dbname=www_tp6_com;charset=utf8
[ sql ] [ SQL ] SHOW FULL COLUMNS FROM `admin` [ RunTime:0.000529s ]
[ sql ] [ SQL ] SELECT * FROM `admin` WHERE  `id` = 6 LIMIT 1 [ RunTime:0.000209s ]
[ sql ] [ SQL ] SELECT `id` FROM `admin` WHERE  `name` = '崔斯塔娜'  AND `id` <> 6 LIMIT 1 [ RunTime:0.000215s ]
[ sql ] [ SQL ] UPDATE `admin`  SET `create_time` = 1625741782  WHERE  `id` = 6 [ RunTime:0.000168s ]
[ sql ] [ SQL ] SHOW FULL COLUMNS FROM `admin_role` [ RunTime:0.000387s ]
[ sql ] [ SQL ] SHOW FULL COLUMNS FROM `role` [ RunTime:0.000331s ]
[ sql ] [ SQL ] SELECT `role`.*,`pivot`.`admin_id` AS `pivot__admin_id`,`pivot`.`role_id` AS `pivot__role_id` FROM `role` INNER JOIN `admin_role` `pivot` ON `pivot`.`role_id`=`role`.`id` WHERE  `pivot`.`admin_id` = 6 [ RunTime:0.000214s ]
[ sql ] [ SQL ] DELETE FROM `admin_role` WHERE  `admin_id` = 6  AND `role_id` = 36 [ RunTime:0.000170s ]
[ error ] [0]method not exist:think\db\Query->getError[D:\Web\www.tp6.com\vendor\topthink\framework\src\think\db\BaseQuery.php:138]
---------------------------------------------------------------
[2021-07-08T18:56:31+08:00] 127.0.0.1 POST admin.tp6.com/admin/admin_edit.html
[ sql ] [ DB ] CONNECT:[ UseTime:0.000475s ] mysql:host=127.0.0.1;port=3306;dbname=www_tp6_com;charset=utf8
[ sql ] [ SQL ] SHOW FULL COLUMNS FROM `admin` [ RunTime:0.000583s ]
[ sql ] [ SQL ] SELECT * FROM `admin` WHERE  `id` = 6 LIMIT 1 [ RunTime:0.000213s ]
[ sql ] [ SQL ] SELECT `id` FROM `admin` WHERE  `name` = '崔斯塔娜'  AND `id` <> 6 LIMIT 1 [ RunTime:0.000202s ]
[ sql ] [ SQL ] UPDATE `admin`  SET `create_time` = 1625741791  WHERE  `id` = 6 [ RunTime:0.000164s ]
[ sql ] [ SQL ] SHOW FULL COLUMNS FROM `admin_role` [ RunTime:0.000392s ]
[ sql ] [ SQL ] SHOW FULL COLUMNS FROM `role` [ RunTime:0.000385s ]
[ sql ] [ SQL ] SELECT `role`.*,`pivot`.`admin_id` AS `pivot__admin_id`,`pivot`.`role_id` AS `pivot__role_id` FROM `role` INNER JOIN `admin_role` `pivot` ON `pivot`.`role_id`=`role`.`id` WHERE  `pivot`.`admin_id` = 6 [ RunTime:0.000213s ]
[ sql ] [ SQL ] DELETE FROM `admin_role` WHERE  `admin_id` = 6  AND `role_id` = 36 [ RunTime:0.000177s ]
[ error ] [0]method not exist:think\db\Query->getError[D:\Web\www.tp6.com\vendor\topthink\framework\src\think\db\BaseQuery.php:138]
---------------------------------------------------------------
[2021-07-08T18:56:34+08:00] 127.0.0.1 POST admin.tp6.com/admin/admin_edit.html
[ sql ] [ DB ] CONNECT:[ UseTime:0.000628s ] mysql:host=127.0.0.1;port=3306;dbname=www_tp6_com;charset=utf8
[ sql ] [ SQL ] SHOW FULL COLUMNS FROM `admin` [ RunTime:0.000933s ]
[ sql ] [ SQL ] SELECT * FROM `admin` WHERE  `id` = 6 LIMIT 1 [ RunTime:0.000497s ]
[ sql ] [ SQL ] SELECT `id` FROM `admin` WHERE  `name` = '崔斯塔娜'  AND `id` <> 6 LIMIT 1 [ RunTime:0.000269s ]
[ sql ] [ SQL ] UPDATE `admin`  SET `create_time` = 1625741794  WHERE  `id` = 6 [ RunTime:0.000171s ]
[ sql ] [ SQL ] SHOW FULL COLUMNS FROM `admin_role` [ RunTime:0.000426s ]
[ sql ] [ SQL ] SHOW FULL COLUMNS FROM `role` [ RunTime:0.000342s ]
[ sql ] [ SQL ] SELECT `role`.*,`pivot`.`admin_id` AS `pivot__admin_id`,`pivot`.`role_id` AS `pivot__role_id` FROM `role` INNER JOIN `admin_role` `pivot` ON `pivot`.`role_id`=`role`.`id` WHERE  `pivot`.`admin_id` = 6 [ RunTime:0.000203s ]
[ sql ] [ SQL ] DELETE FROM `admin_role` WHERE  `admin_id` = 6  AND `role_id` = 36 [ RunTime:0.000171s ]
---------------------------------------------------------------
[2021-07-08T18:56:48+08:00] 127.0.0.1 POST admin.tp6.com/admin/admin_edit.html
[ sql ] [ DB ] CONNECT:[ UseTime:0.000465s ] mysql:host=127.0.0.1;port=3306;dbname=www_tp6_com;charset=utf8
[ sql ] [ SQL ] SHOW FULL COLUMNS FROM `admin` [ RunTime:0.000518s ]
[ sql ] [ SQL ] SELECT * FROM `admin` WHERE  `id` = 6 LIMIT 1 [ RunTime:0.000189s ]
[ sql ] [ SQL ] SELECT `id` FROM `admin` WHERE  `name` = '崔斯塔娜'  AND `id` <> 6 LIMIT 1 [ RunTime:0.000193s ]
[ sql ] [ SQL ] UPDATE `admin`  SET `create_time` = 1625741808  WHERE  `id` = 6 [ RunTime:0.000182s ]
[ sql ] [ SQL ] SHOW FULL COLUMNS FROM `admin_role` [ RunTime:0.000405s ]
[ sql ] [ SQL ] SHOW FULL COLUMNS FROM `role` [ RunTime:0.000338s ]
[ sql ] [ SQL ] SELECT `role`.*,`pivot`.`admin_id` AS `pivot__admin_id`,`pivot`.`role_id` AS `pivot__role_id` FROM `role` INNER JOIN `admin_role` `pivot` ON `pivot`.`role_id`=`role`.`id` WHERE  `pivot`.`admin_id` = 6 [ RunTime:0.000207s ]
[ sql ] [ SQL ] DELETE FROM `admin_role` WHERE  `admin_id` = 6  AND `role_id` = 36 [ RunTime:0.000181s ]
---------------------------------------------------------------
[2021-07-08T18:56:52+08:00] 127.0.0.1 POST admin.tp6.com/admin/admin_edit.html
[ sql ] [ DB ] CONNECT:[ UseTime:0.000477s ] mysql:host=127.0.0.1;port=3306;dbname=www_tp6_com;charset=utf8
[ sql ] [ SQL ] SHOW FULL COLUMNS FROM `admin` [ RunTime:0.000558s ]
[ sql ] [ SQL ] SELECT * FROM `admin` WHERE  `id` = 6 LIMIT 1 [ RunTime:0.000204s ]
[ sql ] [ SQL ] SELECT `id` FROM `admin` WHERE  `name` = '崔斯塔娜'  AND `id` <> 6 LIMIT 1 [ RunTime:0.000194s ]
[ sql ] [ SQL ] UPDATE `admin`  SET `create_time` = 1625741812  WHERE  `id` = 6 [ RunTime:0.000171s ]
[ sql ] [ SQL ] SHOW FULL COLUMNS FROM `admin_role` [ RunTime:0.000366s ]
[ sql ] [ SQL ] SHOW FULL COLUMNS FROM `role` [ RunTime:0.000334s ]
[ sql ] [ SQL ] SELECT `role`.*,`pivot`.`admin_id` AS `pivot__admin_id`,`pivot`.`role_id` AS `pivot__role_id` FROM `role` INNER JOIN `admin_role` `pivot` ON `pivot`.`role_id`=`role`.`id` WHERE  `pivot`.`admin_id` = 6 [ RunTime:0.000208s ]
[ sql ] [ SQL ] DELETE FROM `admin_role` WHERE  `admin_id` = 6  AND `role_id` = 36 [ RunTime:0.000170s ]
---------------------------------------------------------------
[2021-07-08T18:57:21+08:00] 127.0.0.1 POST admin.tp6.com/admin/admin_edit.html
[ sql ] [ DB ] CONNECT:[ UseTime:0.000591s ] mysql:host=127.0.0.1;port=3306;dbname=www_tp6_com;charset=utf8
[ sql ] [ SQL ] SHOW FULL COLUMNS FROM `admin` [ RunTime:0.000668s ]
[ sql ] [ SQL ] SELECT * FROM `admin` WHERE  `id` = 6 LIMIT 1 [ RunTime:0.000248s ]
[ sql ] [ SQL ] SELECT `id` FROM `admin` WHERE  `name` = '崔斯塔娜'  AND `id` <> 6 LIMIT 1 [ RunTime:0.000250s ]
[ sql ] [ SQL ] UPDATE `admin`  SET `create_time` = 1625741841  WHERE  `id` = 6 [ RunTime:0.000253s ]
[ sql ] [ SQL ] SHOW FULL COLUMNS FROM `admin_role` [ RunTime:0.000487s ]
[ sql ] [ SQL ] SHOW FULL COLUMNS FROM `role` [ RunTime:0.000439s ]
[ sql ] [ SQL ] SELECT `role`.*,`pivot`.`admin_id` AS `pivot__admin_id`,`pivot`.`role_id` AS `pivot__role_id` FROM `role` INNER JOIN `admin_role` `pivot` ON `pivot`.`role_id`=`role`.`id` WHERE  `pivot`.`admin_id` = 6 [ RunTime:0.000271s ]
[ sql ] [ SQL ] DELETE FROM `admin_role` WHERE  `admin_id` = 6  AND `role_id` = 36 [ RunTime:0.000228s ]
[ error ] [0]Call to a member function isEmpty() on array[D:\Web\www.tp6.com\app\admin\controller\Admin.php:168]
---------------------------------------------------------------
[2021-07-08T18:57:52+08:00] 127.0.0.1 POST admin.tp6.com/admin/admin_edit.html
[ sql ] [ DB ] CONNECT:[ UseTime:0.000429s ] mysql:host=127.0.0.1;port=3306;dbname=www_tp6_com;charset=utf8
[ sql ] [ SQL ] SHOW FULL COLUMNS FROM `admin` [ RunTime:0.000553s ]
[ sql ] [ SQL ] SELECT * FROM `admin` WHERE  `id` = 6 LIMIT 1 [ RunTime:0.000201s ]
[ sql ] [ SQL ] SELECT `id` FROM `admin` WHERE  `name` = '崔斯塔娜'  AND `id` <> 6 LIMIT 1 [ RunTime:0.000191s ]
[ sql ] [ SQL ] UPDATE `admin`  SET `create_time` = 1625741872  WHERE  `id` = 6 [ RunTime:0.000428s ]
[ sql ] [ SQL ] SHOW FULL COLUMNS FROM `admin_role` [ RunTime:0.000390s ]
[ sql ] [ SQL ] SHOW FULL COLUMNS FROM `role` [ RunTime:0.000345s ]
[ sql ] [ SQL ] SELECT `role`.*,`pivot`.`admin_id` AS `pivot__admin_id`,`pivot`.`role_id` AS `pivot__role_id` FROM `role` INNER JOIN `admin_role` `pivot` ON `pivot`.`role_id`=`role`.`id` WHERE  `pivot`.`admin_id` = 6 [ RunTime:0.000206s ]
[ sql ] [ SQL ] DELETE FROM `admin_role` WHERE  `admin_id` = 6  AND `role_id` = 36 [ RunTime:0.000168s ]
[ error ] [0]Call to a member function isEmpty() on array[D:\Web\www.tp6.com\app\admin\controller\Admin.php:168]
---------------------------------------------------------------
[2021-07-08T18:58:19+08:00] 127.0.0.1 POST admin.tp6.com/admin/admin_edit.html
[ sql ] [ DB ] CONNECT:[ UseTime:0.000422s ] mysql:host=127.0.0.1;port=3306;dbname=www_tp6_com;charset=utf8
[ sql ] [ SQL ] SHOW FULL COLUMNS FROM `admin` [ RunTime:0.000505s ]
[ sql ] [ SQL ] SELECT * FROM `admin` WHERE  `id` = 6 LIMIT 1 [ RunTime:0.000187s ]
[ sql ] [ SQL ] SELECT `id` FROM `admin` WHERE  `name` = '崔斯塔娜'  AND `id` <> 6 LIMIT 1 [ RunTime:0.000187s ]
[ sql ] [ SQL ] UPDATE `admin`  SET `create_time` = 1625741899  WHERE  `id` = 6 [ RunTime:0.000369s ]
[ sql ] [ SQL ] SHOW FULL COLUMNS FROM `admin_role` [ RunTime:0.000555s ]
[ sql ] [ SQL ] SHOW FULL COLUMNS FROM `role` [ RunTime:0.000351s ]
[ sql ] [ SQL ] SELECT `role`.*,`pivot`.`admin_id` AS `pivot__admin_id`,`pivot`.`role_id` AS `pivot__role_id` FROM `role` INNER JOIN `admin_role` `pivot` ON `pivot`.`role_id`=`role`.`id` WHERE  `pivot`.`admin_id` = 6 [ RunTime:0.000231s ]
[ sql ] [ SQL ] DELETE FROM `admin_role` WHERE  `admin_id` = 6  AND `role_id` = 36 [ RunTime:0.000267s ]
---------------------------------------------------------------
[2021-07-08T18:58:20+08:00] 127.0.0.1 POST admin.tp6.com/admin/admin_edit.html
[ sql ] [ DB ] CONNECT:[ UseTime:0.000466s ] mysql:host=127.0.0.1;port=3306;dbname=www_tp6_com;charset=utf8
[ sql ] [ SQL ] SHOW FULL COLUMNS FROM `admin` [ RunTime:0.000529s ]
[ sql ] [ SQL ] SELECT * FROM `admin` WHERE  `id` = 6 LIMIT 1 [ RunTime:0.000374s ]
[ sql ] [ SQL ] SELECT `id` FROM `admin` WHERE  `name` = '崔斯塔娜'  AND `id` <> 6 LIMIT 1 [ RunTime:0.000346s ]
[ sql ] [ SQL ] UPDATE `admin`  SET `create_time` = 1625741900  WHERE  `id` = 6 [ RunTime:0.000190s ]
[ sql ] [ SQL ] SHOW FULL COLUMNS FROM `admin_role` [ RunTime:0.000450s ]
[ sql ] [ SQL ] SHOW FULL COLUMNS FROM `role` [ RunTime:0.000341s ]
[ sql ] [ SQL ] SELECT `role`.*,`pivot`.`admin_id` AS `pivot__admin_id`,`pivot`.`role_id` AS `pivot__role_id` FROM `role` INNER JOIN `admin_role` `pivot` ON `pivot`.`role_id`=`role`.`id` WHERE  `pivot`.`admin_id` = 6 [ RunTime:0.000229s ]
[ sql ] [ SQL ] DELETE FROM `admin_role` WHERE  `admin_id` = 6  AND `role_id` = 36 [ RunTime:0.000235s ]
---------------------------------------------------------------
[2021-07-08T18:59:00+08:00] 127.0.0.1 POST admin.tp6.com/admin/admin_edit.html
[ sql ] [ DB ] CONNECT:[ UseTime:0.000449s ] mysql:host=127.0.0.1;port=3306;dbname=www_tp6_com;charset=utf8
[ sql ] [ SQL ] SHOW FULL COLUMNS FROM `admin` [ RunTime:0.000501s ]
[ sql ] [ SQL ] SELECT * FROM `admin` WHERE  `id` = 6 LIMIT 1 [ RunTime:0.000206s ]
[ sql ] [ SQL ] SELECT `id` FROM `admin` WHERE  `name` = '崔斯塔娜'  AND `id` <> 6 LIMIT 1 [ RunTime:0.000255s ]
[ sql ] [ SQL ] UPDATE `admin`  SET `create_time` = 1625741940  WHERE  `id` = 6 [ RunTime:0.000569s ]
[ sql ] [ SQL ] SHOW FULL COLUMNS FROM `admin_role` [ RunTime:0.000659s ]
[ sql ] [ SQL ] SHOW FULL COLUMNS FROM `role` [ RunTime:0.000471s ]
[ sql ] [ SQL ] SELECT `role`.*,`pivot`.`admin_id` AS `pivot__admin_id`,`pivot`.`role_id` AS `pivot__role_id` FROM `role` INNER JOIN `admin_role` `pivot` ON `pivot`.`role_id`=`role`.`id` WHERE  `pivot`.`admin_id` = 6 [ RunTime:0.000305s ]
[ sql ] [ SQL ] DELETE FROM `admin_role` WHERE  `admin_id` = 6  AND `role_id` = 36 [ RunTime:0.000231s ]
---------------------------------------------------------------
[2021-07-08T18:59:06+08:00] 127.0.0.1 GET admin.tp6.com/admin/index.html
[ sql ] [ DB ] CONNECT:[ UseTime:0.000459s ] mysql:host=127.0.0.1;port=3306;dbname=www_tp6_com;charset=utf8
[ sql ] [ SQL ] SHOW FULL COLUMNS FROM `admin` [ RunTime:0.000516s ]
[ sql ] [ SQL ] SELECT `id`,`name`,`real_name`,`qq`,`status` FROM `admin` [ RunTime:0.000149s ]
[ sql ] [ SQL ] SHOW FULL COLUMNS FROM `admin_role` [ RunTime:0.000326s ]
[ sql ] [ SQL ] SHOW FULL COLUMNS FROM `role` [ RunTime:0.000322s ]
[ sql ] [ SQL ] SELECT `name`,`role`.`name`,`pivot`.`admin_id` AS `pivot__admin_id`,`pivot`.`role_id` AS `pivot__role_id` FROM `role` INNER JOIN `admin_role` `pivot` ON `pivot`.`role_id`=`role`.`id` WHERE  `pivot`.`admin_id` IN (1,3,6) [ RunTime:0.000276s ]
[ info ] [ VIEW ] D:\Web\www.tp6.com\app\admin\view\admin\index.html [ array (
  0 => 'adminList',
) ]
---------------------------------------------------------------
[2021-07-08T18:59:08+08:00] 127.0.0.1 GET admin.tp6.com/admin/admin_edit.html?id=6
[ sql ] [ DB ] CONNECT:[ UseTime:0.000597s ] mysql:host=127.0.0.1;port=3306;dbname=www_tp6_com;charset=utf8
[ sql ] [ SQL ] SHOW FULL COLUMNS FROM `admin` [ RunTime:0.000564s ]
[ sql ] [ SQL ] SELECT * FROM `admin` WHERE  `id` = 6 LIMIT 1 [ RunTime:0.000236s ]
[ sql ] [ SQL ] SHOW FULL COLUMNS FROM `admin_role` [ RunTime:0.000472s ]
[ sql ] [ SQL ] SHOW FULL COLUMNS FROM `role` [ RunTime:0.000356s ]
[ sql ] [ SQL ] SELECT `role`.*,`pivot`.`admin_id` AS `pivot__admin_id`,`pivot`.`role_id` AS `pivot__role_id` FROM `role` INNER JOIN `admin_role` `pivot` ON `pivot`.`role_id`=`role`.`id` WHERE  `pivot`.`admin_id` = 6 [ RunTime:0.000214s ]
[ sql ] [ SQL ] SELECT * FROM `role` [ RunTime:0.000155s ]
[ info ] [ VIEW ] D:\Web\www.tp6.com\app\admin\view\admin\admin_edit.html [ array (
  0 => 'admin',
  1 => 'adminRole',
  2 => 'role',
) ]
---------------------------------------------------------------
[2021-07-08T18:59:39+08:00] 127.0.0.1 GET admin.tp6.com/admin/admin_edit.html?id=6
[ sql ] [ DB ] CONNECT:[ UseTime:0.000539s ] mysql:host=127.0.0.1;port=3306;dbname=www_tp6_com;charset=utf8
[ sql ] [ SQL ] SHOW FULL COLUMNS FROM `admin` [ RunTime:0.000589s ]
[ sql ] [ SQL ] SELECT * FROM `admin` WHERE  `id` = 6 LIMIT 1 [ RunTime:0.000230s ]
[ sql ] [ SQL ] SHOW FULL COLUMNS FROM `admin_role` [ RunTime:0.000354s ]
[ sql ] [ SQL ] SHOW FULL COLUMNS FROM `role` [ RunTime:0.000323s ]
[ sql ] [ SQL ] SELECT `role`.*,`pivot`.`admin_id` AS `pivot__admin_id`,`pivot`.`role_id` AS `pivot__role_id` FROM `role` INNER JOIN `admin_role` `pivot` ON `pivot`.`role_id`=`role`.`id` WHERE  `pivot`.`admin_id` = 6 [ RunTime:0.000231s ]
[ sql ] [ SQL ] SELECT * FROM `role` [ RunTime:0.000127s ]
[ info ] [ VIEW ] D:\Web\www.tp6.com\app\admin\view\admin\admin_edit.html [ array (
  0 => 'admin',
  1 => 'adminRole',
  2 => 'role',
) ]
---------------------------------------------------------------
[2021-07-08T18:59:41+08:00] 127.0.0.1 POST admin.tp6.com/admin/admin_edit.html
[ sql ] [ DB ] CONNECT:[ UseTime:0.000463s ] mysql:host=127.0.0.1;port=3306;dbname=www_tp6_com;charset=utf8
[ sql ] [ SQL ] SHOW FULL COLUMNS FROM `admin` [ RunTime:0.000509s ]
[ sql ] [ SQL ] SELECT * FROM `admin` WHERE  `id` = 6 LIMIT 1 [ RunTime:0.000190s ]
[ sql ] [ SQL ] SELECT `id` FROM `admin` WHERE  `name` = '崔斯塔娜'  AND `id` <> 6 LIMIT 1 [ RunTime:0.000194s ]
[ sql ] [ SQL ] UPDATE `admin`  SET `create_time` = 1625741981  WHERE  `id` = 6 [ RunTime:0.000169s ]
[ sql ] [ SQL ] SHOW FULL COLUMNS FROM `admin_role` [ RunTime:0.000359s ]
[ sql ] [ SQL ] SHOW FULL COLUMNS FROM `role` [ RunTime:0.000378s ]
[ sql ] [ SQL ] SELECT `role`.*,`pivot`.`admin_id` AS `pivot__admin_id`,`pivot`.`role_id` AS `pivot__role_id` FROM `role` INNER JOIN `admin_role` `pivot` ON `pivot`.`role_id`=`role`.`id` WHERE  `pivot`.`admin_id` = 6 [ RunTime:0.000196s ]
---------------------------------------------------------------
[2021-07-08T19:02:04+08:00] 127.0.0.1 GET admin.tp6.com/admin/admin_edit.html?id=6
[ sql ] [ DB ] CONNECT:[ UseTime:0.000459s ] mysql:host=127.0.0.1;port=3306;dbname=www_tp6_com;charset=utf8
[ sql ] [ SQL ] SHOW FULL COLUMNS FROM `admin` [ RunTime:0.000507s ]
[ sql ] [ SQL ] SELECT * FROM `admin` WHERE  `id` = 6 LIMIT 1 [ RunTime:0.000452s ]
[ sql ] [ SQL ] SHOW FULL COLUMNS FROM `admin_role` [ RunTime:0.000739s ]
[ sql ] [ SQL ] SHOW FULL COLUMNS FROM `role` [ RunTime:0.000435s ]
[ sql ] [ SQL ] SELECT `role`.*,`pivot`.`admin_id` AS `pivot__admin_id`,`pivot`.`role_id` AS `pivot__role_id` FROM `role` INNER JOIN `admin_role` `pivot` ON `pivot`.`role_id`=`role`.`id` WHERE  `pivot`.`admin_id` = 6 [ RunTime:0.000271s ]
[ sql ] [ SQL ] SELECT * FROM `role` [ RunTime:0.000147s ]
[ info ] [ VIEW ] D:\Web\www.tp6.com\app\admin\view\admin\admin_edit.html [ array (
  0 => 'admin',
  1 => 'adminRole',
  2 => 'role',
) ]
---------------------------------------------------------------
[2021-07-08T19:02:17+08:00] 127.0.0.1 GET admin.tp6.com/admin/index.html
[ sql ] [ DB ] CONNECT:[ UseTime:0.000418s ] mysql:host=127.0.0.1;port=3306;dbname=www_tp6_com;charset=utf8
[ sql ] [ SQL ] SHOW FULL COLUMNS FROM `admin` [ RunTime:0.000643s ]
[ sql ] [ SQL ] SELECT `id`,`name`,`real_name`,`qq`,`status` FROM `admin` [ RunTime:0.000514s ]
[ sql ] [ SQL ] SHOW FULL COLUMNS FROM `admin_role` [ RunTime:0.000544s ]
[ sql ] [ SQL ] SHOW FULL COLUMNS FROM `role` [ RunTime:0.000347s ]
[ sql ] [ SQL ] SELECT `name`,`role`.`name`,`pivot`.`admin_id` AS `pivot__admin_id`,`pivot`.`role_id` AS `pivot__role_id` FROM `role` INNER JOIN `admin_role` `pivot` ON `pivot`.`role_id`=`role`.`id` WHERE  `pivot`.`admin_id` IN (1,3,6) [ RunTime:0.000269s ]
[ info ] [ VIEW ] D:\Web\www.tp6.com\app\admin\view\admin\index.html [ array (
  0 => 'adminList',
) ]
---------------------------------------------------------------
[2021-07-08T19:02:21+08:00] 127.0.0.1 GET admin.tp6.com/admin/admin_edit.html?id=6
[ sql ] [ DB ] CONNECT:[ UseTime:0.000477s ] mysql:host=127.0.0.1;port=3306;dbname=www_tp6_com;charset=utf8
[ sql ] [ SQL ] SHOW FULL COLUMNS FROM `admin` [ RunTime:0.000538s ]
[ sql ] [ SQL ] SELECT * FROM `admin` WHERE  `id` = 6 LIMIT 1 [ RunTime:0.000201s ]
[ sql ] [ SQL ] SHOW FULL COLUMNS FROM `admin_role` [ RunTime:0.000426s ]
[ sql ] [ SQL ] SHOW FULL COLUMNS FROM `role` [ RunTime:0.000390s ]
[ sql ] [ SQL ] SELECT `role`.*,`pivot`.`admin_id` AS `pivot__admin_id`,`pivot`.`role_id` AS `pivot__role_id` FROM `role` INNER JOIN `admin_role` `pivot` ON `pivot`.`role_id`=`role`.`id` WHERE  `pivot`.`admin_id` = 6 [ RunTime:0.000229s ]
[ sql ] [ SQL ] SELECT * FROM `role` [ RunTime:0.000137s ]
[ info ] [ VIEW ] D:\Web\www.tp6.com\app\admin\view\admin\admin_edit.html [ array (
  0 => 'admin',
  1 => 'adminRole',
  2 => 'role',
) ]
---------------------------------------------------------------
[2021-07-08T19:02:27+08:00] 127.0.0.1 GET admin.tp6.com/admin/index.html
[ sql ] [ DB ] CONNECT:[ UseTime:0.000446s ] mysql:host=127.0.0.1;port=3306;dbname=www_tp6_com;charset=utf8
[ sql ] [ SQL ] SHOW FULL COLUMNS FROM `admin` [ RunTime:0.000531s ]
[ sql ] [ SQL ] SELECT `id`,`name`,`real_name`,`qq`,`status` FROM `admin` [ RunTime:0.000147s ]
[ sql ] [ SQL ] SHOW FULL COLUMNS FROM `admin_role` [ RunTime:0.000617s ]
[ sql ] [ SQL ] SHOW FULL COLUMNS FROM `role` [ RunTime:0.000726s ]
[ sql ] [ SQL ] SELECT `name`,`role`.`name`,`pivot`.`admin_id` AS `pivot__admin_id`,`pivot`.`role_id` AS `pivot__role_id` FROM `role` INNER JOIN `admin_role` `pivot` ON `pivot`.`role_id`=`role`.`id` WHERE  `pivot`.`admin_id` IN (1,3,6) [ RunTime:0.000287s ]
[ info ] [ VIEW ] D:\Web\www.tp6.com\app\admin\view\admin\index.html [ array (
  0 => 'adminList',
) ]
---------------------------------------------------------------
[2021-07-08T19:02:28+08:00] 127.0.0.1 GET admin.tp6.com/admin/index.html
[ sql ] [ DB ] CONNECT:[ UseTime:0.000427s ] mysql:host=127.0.0.1;port=3306;dbname=www_tp6_com;charset=utf8
[ sql ] [ SQL ] SHOW FULL COLUMNS FROM `admin` [ RunTime:0.000478s ]
[ sql ] [ SQL ] SELECT `id`,`name`,`real_name`,`qq`,`status` FROM `admin` [ RunTime:0.000150s ]
[ sql ] [ SQL ] SHOW FULL COLUMNS FROM `admin_role` [ RunTime:0.000334s ]
[ sql ] [ SQL ] SHOW FULL COLUMNS FROM `role` [ RunTime:0.000314s ]
[ sql ] [ SQL ] SELECT `name`,`role`.`name`,`pivot`.`admin_id` AS `pivot__admin_id`,`pivot`.`role_id` AS `pivot__role_id` FROM `role` INNER JOIN `admin_role` `pivot` ON `pivot`.`role_id`=`role`.`id` WHERE  `pivot`.`admin_id` IN (1,3,6) [ RunTime:0.000245s ]
[ info ] [ VIEW ] D:\Web\www.tp6.com\app\admin\view\admin\index.html [ array (
  0 => 'adminList',
) ]
