---------------------------------------------------------------
[2021-03-28T19:15:11+08:00] 127.0.0.1 GET admin.tp6.com/login/index.html
[ info ] [ VIEW ] D:\Web\www.tp6.com\app\admin\view\login\index.html [ array (
) ]
---------------------------------------------------------------
[2021-03-28T19:15:19+08:00] 127.0.0.1 GET admin.tp6.com/login/index.html
[ info ] [ VIEW ] D:\Web\www.tp6.com\app\admin\view\login\index.html [ array (
) ]
---------------------------------------------------------------
[2021-03-28T19:15:48+08:00] 127.0.0.1 GET admin.tp6.com/login/index.html
[ info ] [ VIEW ] D:\Web\www.tp6.com\app\admin\view\login\index.html [ array (
) ]
---------------------------------------------------------------
[2021-03-28T19:17:04+08:00] 127.0.0.1 GET admin.tp6.com/login/index.html
[ info ] [ VIEW ] D:\Web\www.tp6.com\app\admin\view\login\index.html [ array (
) ]
---------------------------------------------------------------
[2021-03-28T19:17:04+08:00] 127.0.0.1 GET admin.tp6.com/login/index.html
[ info ] [ VIEW ] D:\Web\www.tp6.com\app\admin\view\login\index.html [ array (
) ]
---------------------------------------------------------------
[2021-03-28T19:17:04+08:00] 127.0.0.1 GET admin.tp6.com/login/index.html
[ info ] [ VIEW ] D:\Web\www.tp6.com\app\admin\view\login\index.html [ array (
) ]
---------------------------------------------------------------
[2021-03-28T19:17:04+08:00] 127.0.0.1 GET admin.tp6.com/login/index.html
[ info ] [ VIEW ] D:\Web\www.tp6.com\app\admin\view\login\index.html [ array (
) ]
---------------------------------------------------------------
[2021-03-28T19:17:04+08:00] 127.0.0.1 GET admin.tp6.com/login/index.html
[ info ] [ VIEW ] D:\Web\www.tp6.com\app\admin\view\login\index.html [ array (
) ]
---------------------------------------------------------------
[2021-03-28T19:17:05+08:00] 127.0.0.1 GET admin.tp6.com/login/index.html
[ info ] [ VIEW ] D:\Web\www.tp6.com\app\admin\view\login\index.html [ array (
) ]
---------------------------------------------------------------
[2021-03-28T19:17:05+08:00] 127.0.0.1 GET admin.tp6.com/login/index.html
[ info ] [ VIEW ] D:\Web\www.tp6.com\app\admin\view\login\index.html [ array (
) ]
---------------------------------------------------------------
[2021-03-28T19:17:05+08:00] 127.0.0.1 GET admin.tp6.com/login/index.html
[ info ] [ VIEW ] D:\Web\www.tp6.com\app\admin\view\login\index.html [ array (
) ]
---------------------------------------------------------------
[2021-03-28T19:17:05+08:00] 127.0.0.1 GET admin.tp6.com/login/index.html
[ info ] [ VIEW ] D:\Web\www.tp6.com\app\admin\view\login\index.html [ array (
) ]
---------------------------------------------------------------
[2021-03-28T19:17:48+08:00] 127.0.0.1 GET admin.tp6.com/login/index.html
[ info ] [ VIEW ] D:\Web\www.tp6.com\app\admin\view\login\index.html [ array (
) ]
---------------------------------------------------------------
[2021-03-28T19:17:48+08:00] 127.0.0.1 GET admin.tp6.com/login/index.html
[ info ] [ VIEW ] D:\Web\www.tp6.com\app\admin\view\login\index.html [ array (
) ]
---------------------------------------------------------------
[2021-03-28T19:17:49+08:00] 127.0.0.1 GET admin.tp6.com/login/index.html
[ info ] [ VIEW ] D:\Web\www.tp6.com\app\admin\view\login\index.html [ array (
) ]
---------------------------------------------------------------
[2021-03-28T19:17:49+08:00] 127.0.0.1 GET admin.tp6.com/login/index.html
[ info ] [ VIEW ] D:\Web\www.tp6.com\app\admin\view\login\index.html [ array (
) ]
---------------------------------------------------------------
[2021-03-28T19:17:49+08:00] 127.0.0.1 GET admin.tp6.com/login/index.html
[ info ] [ VIEW ] D:\Web\www.tp6.com\app\admin\view\login\index.html [ array (
) ]
---------------------------------------------------------------
[2021-03-28T19:17:50+08:00] 127.0.0.1 GET admin.tp6.com/login/index.html
[ info ] [ VIEW ] D:\Web\www.tp6.com\app\admin\view\login\index.html [ array (
) ]
---------------------------------------------------------------
[2021-03-28T19:17:51+08:00] 127.0.0.1 GET admin.tp6.com/login/index.html
[ info ] [ VIEW ] D:\Web\www.tp6.com\app\admin\view\login\index.html [ array (
) ]
---------------------------------------------------------------
[2021-03-28T19:17:51+08:00] 127.0.0.1 GET admin.tp6.com/login/index.html
[ info ] [ VIEW ] D:\Web\www.tp6.com\app\admin\view\login\index.html [ array (
) ]
---------------------------------------------------------------
[2021-03-28T19:17:51+08:00] 127.0.0.1 GET admin.tp6.com/login/index.html
[ info ] [ VIEW ] D:\Web\www.tp6.com\app\admin\view\login\index.html [ array (
) ]
---------------------------------------------------------------
[2021-03-28T19:17:51+08:00] 127.0.0.1 GET admin.tp6.com/login/index.html
[ info ] [ VIEW ] D:\Web\www.tp6.com\app\admin\view\login\index.html [ array (
) ]
---------------------------------------------------------------
[2021-03-28T19:17:51+08:00] 127.0.0.1 GET admin.tp6.com/login/index.html
[ info ] [ VIEW ] D:\Web\www.tp6.com\app\admin\view\login\index.html [ array (
) ]
---------------------------------------------------------------
[2021-03-28T19:17:51+08:00] 127.0.0.1 GET admin.tp6.com/login/index.html
[ info ] [ VIEW ] D:\Web\www.tp6.com\app\admin\view\login\index.html [ array (
) ]
---------------------------------------------------------------
[2021-03-28T19:17:52+08:00] 127.0.0.1 GET admin.tp6.com/login/index.html
[ info ] [ VIEW ] D:\Web\www.tp6.com\app\admin\view\login\index.html [ array (
) ]
---------------------------------------------------------------
[2021-03-28T19:17:52+08:00] 127.0.0.1 GET admin.tp6.com/login/index.html
[ info ] [ VIEW ] D:\Web\www.tp6.com\app\admin\view\login\index.html [ array (
) ]
---------------------------------------------------------------
[2021-03-28T19:18:04+08:00] 127.0.0.1 GET admin.tp6.com/login/index.html
[ info ] [ VIEW ] D:\Web\www.tp6.com\app\admin\view\login\index.html [ array (
) ]
---------------------------------------------------------------
[2021-03-28T19:18:53+08:00] 127.0.0.1 GET admin.tp6.com/login/index.html
[ info ] [ VIEW ] D:\Web\www.tp6.com\app\admin\view\login\index.html [ array (
) ]
---------------------------------------------------------------
[2021-03-28T19:18:54+08:00] 127.0.0.1 GET admin.tp6.com/login/index.html
[ info ] [ VIEW ] D:\Web\www.tp6.com\app\admin\view\login\index.html [ array (
) ]
---------------------------------------------------------------
[2021-03-28T19:18:59+08:00] 127.0.0.1 POST admin.tp6.com/login/index.html
[ sql ] [ DB ] CONNECT:[ UseTime:0.000706s ] mysql:host=127.0.0.1;port=3306;dbname=www_tp6_com;charset=utf8
[ sql ] [ SQL ] SHOW FULL COLUMNS FROM `admin` [ RunTime:0.001033s ]
[ sql ] [ SQL ] SELECT * FROM `admin` WHERE  `name` = '神织知更' LIMIT 1 [ RunTime:0.000479s ]
[ sql ] [ SQL ] UPDATE `admin`  SET `login_num` = 541 , `last_login_time` = 1616930338  WHERE  `id` = 1 [ RunTime:0.000296s ]
---------------------------------------------------------------
[2021-03-28T19:18:59+08:00] 127.0.0.1 GET admin.tp6.com/home/index.html
[ sql ] [ DB ] CONNECT:[ UseTime:0.000691s ] mysql:host=127.0.0.1;port=3306;dbname=www_tp6_com;charset=utf8
[ sql ] [ SQL ] SHOW FULL COLUMNS FROM `node` [ RunTime:0.000558s ]
[ sql ] [ SQL ] SELECT `id` FROM `node` ORDER BY `sort` ASC [ RunTime:0.000268s ]
[ sql ] [ SQL ] SELECT * FROM `node` WHERE  `id` IN (30,38,17,85,23,32,33,35,11,105,29,49,87,37,39,86,16,61,25,74,40,22,75,79,63,42,28,41,31,43,84,67,44,12,13,14,15,45,18,36,81,55,71,104,56,82,70,57,72,98,58,73,59,20,26,91,51,92,97,53,54,21,77,88,68,102,103,89) ORDER BY `sort` [ RunTime:0.012958s ]
[ info ] [ VIEW ] D:\Web\www.tp6.com\app\admin\view\home\index.html [ array (
  0 => 'node',
) ]
---------------------------------------------------------------
[2021-03-28T19:18:59+08:00] 127.0.0.1 GET admin.tp6.com/home/info.html
[ sql ] [ DB ] CONNECT:[ UseTime:0.001501s ] mysql:host=127.0.0.1;port=3306;dbname=www_tp6_com;charset=utf8
[ sql ] [ SQL ] SHOW FULL COLUMNS FROM `admin` [ RunTime:0.001258s ]
[ sql ] [ SQL ] SELECT * FROM `admin` WHERE  `id` = 1 LIMIT 1 [ RunTime:0.001122s ]
[ sql ] [ SQL ] SHOW FULL COLUMNS FROM `admin_role` [ RunTime:0.002366s ]
[ sql ] [ SQL ] SHOW FULL COLUMNS FROM `role` [ RunTime:0.001642s ]
[ sql ] [ SQL ] SELECT `role`.*,`pivot`.`admin_id` AS `pivot__admin_id`,`pivot`.`role_id` AS `pivot__role_id` FROM `role` INNER JOIN `admin_role` `pivot` ON `pivot`.`role_id`=`role`.`id` WHERE  `pivot`.`admin_id` = 1 [ RunTime:0.000804s ]
[ info ] [ VIEW ] D:\Web\www.tp6.com\app\admin\view\home\info.html [ array (
  0 => 'admin',
  1 => 'adminRole',
) ]
---------------------------------------------------------------
[2021-03-28T19:19:00+08:00] 127.0.0.1 GET admin.tp6.com/admin/node.html
[ sql ] [ DB ] CONNECT:[ UseTime:0.000645s ] mysql:host=127.0.0.1;port=3306;dbname=www_tp6_com;charset=utf8
[ sql ] [ SQL ] SHOW FULL COLUMNS FROM `node` [ RunTime:0.000561s ]
[ sql ] [ SQL ] SELECT * FROM `node` ORDER BY `sort` [ RunTime:0.000301s ]
[ info ] [ VIEW ] D:\Web\www.tp6.com\app\admin\view\admin\node.html [ array (
  0 => 'node',
) ]
---------------------------------------------------------------
[2021-03-28T19:19:24+08:00] 127.0.0.1 GET admin.tp6.com/admin/role.html
[ sql ] [ DB ] CONNECT:[ UseTime:0.000932s ] mysql:host=127.0.0.1;port=3306;dbname=www_tp6_com;charset=utf8
[ sql ] [ SQL ] SHOW FULL COLUMNS FROM `role` [ RunTime:0.001453s ]
[ sql ] [ SQL ] SELECT `id` FROM `role` [ RunTime:0.000173s ]
[ sql ] [ SQL ] SELECT * FROM `role` WHERE  `id` = 9 LIMIT 1 [ RunTime:0.000186s ]
[ sql ] [ SQL ] SHOW FULL COLUMNS FROM `admin_role` [ RunTime:0.001202s ]
[ sql ] [ SQL ] SHOW FULL COLUMNS FROM `admin` [ RunTime:0.001068s ]
[ sql ] [ SQL ] SELECT `admin`.*,`pivot`.`admin_id` AS `pivot__admin_id`,`pivot`.`role_id` AS `pivot__role_id` FROM `admin` INNER JOIN `admin_role` `pivot` ON `pivot`.`admin_id`=`admin`.`id` WHERE  `pivot`.`role_id` = 9 [ RunTime:0.000373s ]
[ sql ] [ SQL ] SELECT * FROM `role` WHERE  `id` = 30 LIMIT 1 [ RunTime:0.000374s ]
[ sql ] [ SQL ] SELECT `admin`.*,`pivot`.`admin_id` AS `pivot__admin_id`,`pivot`.`role_id` AS `pivot__role_id` FROM `admin` INNER JOIN `admin_role` `pivot` ON `pivot`.`admin_id`=`admin`.`id` WHERE  `pivot`.`role_id` = 30 [ RunTime:0.000351s ]
[ sql ] [ SQL ] SELECT * FROM `role` WHERE  `id` = 31 LIMIT 1 [ RunTime:0.000170s ]
[ sql ] [ SQL ] SELECT `admin`.*,`pivot`.`admin_id` AS `pivot__admin_id`,`pivot`.`role_id` AS `pivot__role_id` FROM `admin` INNER JOIN `admin_role` `pivot` ON `pivot`.`admin_id`=`admin`.`id` WHERE  `pivot`.`role_id` = 31 [ RunTime:0.000210s ]
[ sql ] [ SQL ] SELECT * FROM `role` WHERE  `id` = 32 LIMIT 1 [ RunTime:0.000161s ]
[ sql ] [ SQL ] SELECT `admin`.*,`pivot`.`admin_id` AS `pivot__admin_id`,`pivot`.`role_id` AS `pivot__role_id` FROM `admin` INNER JOIN `admin_role` `pivot` ON `pivot`.`admin_id`=`admin`.`id` WHERE  `pivot`.`role_id` = 32 [ RunTime:0.000214s ]
[ sql ] [ SQL ] SELECT * FROM `role` WHERE  `id` = 33 LIMIT 1 [ RunTime:0.000159s ]
[ sql ] [ SQL ] SELECT `admin`.*,`pivot`.`admin_id` AS `pivot__admin_id`,`pivot`.`role_id` AS `pivot__role_id` FROM `admin` INNER JOIN `admin_role` `pivot` ON `pivot`.`admin_id`=`admin`.`id` WHERE  `pivot`.`role_id` = 33 [ RunTime:0.000212s ]
[ info ] [ VIEW ] D:\Web\www.tp6.com\app\admin\view\admin\role.html [ array (
  0 => 'roleList',
) ]
---------------------------------------------------------------
[2021-03-28T19:19:26+08:00] 127.0.0.1 GET admin.tp6.com/admin/node.html
[ sql ] [ DB ] CONNECT:[ UseTime:0.000619s ] mysql:host=127.0.0.1;port=3306;dbname=www_tp6_com;charset=utf8
[ sql ] [ SQL ] SHOW FULL COLUMNS FROM `node` [ RunTime:0.000608s ]
[ sql ] [ SQL ] SELECT * FROM `node` ORDER BY `sort` [ RunTime:0.000331s ]
[ info ] [ VIEW ] D:\Web\www.tp6.com\app\admin\view\admin\node.html [ array (
  0 => 'node',
) ]
---------------------------------------------------------------
[2021-03-28T19:19:45+08:00] 127.0.0.1 GET admin.tp6.com/admin/node_edit.html?id=38&pid=11
[ sql ] [ DB ] CONNECT:[ UseTime:0.000593s ] mysql:host=127.0.0.1;port=3306;dbname=www_tp6_com;charset=utf8
[ sql ] [ SQL ] SHOW FULL COLUMNS FROM `node` [ RunTime:0.000559s ]
[ sql ] [ SQL ] SELECT * FROM `node` WHERE  `id` = 38 LIMIT 1 [ RunTime:0.000533s ]
[ info ] [ VIEW ] D:\Web\www.tp6.com\app\admin\view\admin\node_edit.html [ array (
  0 => 'node',
  1 => 'title',
) ]
---------------------------------------------------------------
[2021-03-28T19:19:53+08:00] 127.0.0.1 GET admin.tp6.com/admin/node_add.html?pid=32
[ info ] [ VIEW ] D:\Web\www.tp6.com\app\admin\view\admin\node_add.html [ array (
) ]
---------------------------------------------------------------
[2021-03-28T19:19:56+08:00] 127.0.0.1 GET admin.tp6.com/admin/node.html
[ sql ] [ DB ] CONNECT:[ UseTime:0.000709s ] mysql:host=127.0.0.1;port=3306;dbname=www_tp6_com;charset=utf8
[ sql ] [ SQL ] SHOW FULL COLUMNS FROM `node` [ RunTime:0.000574s ]
[ sql ] [ SQL ] SELECT * FROM `node` ORDER BY `sort` [ RunTime:0.000302s ]
[ info ] [ VIEW ] D:\Web\www.tp6.com\app\admin\view\admin\node.html [ array (
  0 => 'node',
) ]
---------------------------------------------------------------
[2021-03-28T19:20:03+08:00] 127.0.0.1 GET admin.tp6.com/admin/node_edit.html?id=33&pid=32
[ sql ] [ DB ] CONNECT:[ UseTime:0.000590s ] mysql:host=127.0.0.1;port=3306;dbname=www_tp6_com;charset=utf8
[ sql ] [ SQL ] SHOW FULL COLUMNS FROM `node` [ RunTime:0.000645s ]
[ sql ] [ SQL ] SELECT * FROM `node` WHERE  `id` = 33 LIMIT 1 [ RunTime:0.000419s ]
[ info ] [ VIEW ] D:\Web\www.tp6.com\app\admin\view\admin\node_edit.html [ array (
  0 => 'node',
  1 => 'title',
) ]
---------------------------------------------------------------
[2021-03-28T19:20:07+08:00] 127.0.0.1 GET admin.tp6.com/admin/node_edit.html?id=105&pid=32
[ sql ] [ DB ] CONNECT:[ UseTime:0.000568s ] mysql:host=127.0.0.1;port=3306;dbname=www_tp6_com;charset=utf8
[ sql ] [ SQL ] SHOW FULL COLUMNS FROM `node` [ RunTime:0.000610s ]
[ sql ] [ SQL ] SELECT * FROM `node` WHERE  `id` = 105 LIMIT 1 [ RunTime:0.000700s ]
[ info ] [ VIEW ] D:\Web\www.tp6.com\app\admin\view\admin\node_edit.html [ array (
  0 => 'node',
  1 => 'title',
) ]
---------------------------------------------------------------
[2021-03-28T19:20:08+08:00] 127.0.0.1 GET admin.tp6.com/admin/node_edit.html?id=38&pid=11
[ sql ] [ DB ] CONNECT:[ UseTime:0.000608s ] mysql:host=127.0.0.1;port=3306;dbname=www_tp6_com;charset=utf8
[ sql ] [ SQL ] SHOW FULL COLUMNS FROM `node` [ RunTime:0.001479s ]
[ sql ] [ SQL ] SELECT * FROM `node` WHERE  `id` = 38 LIMIT 1 [ RunTime:0.000217s ]
[ info ] [ VIEW ] D:\Web\www.tp6.com\app\admin\view\admin\node_edit.html [ array (
  0 => 'node',
  1 => 'title',
) ]
---------------------------------------------------------------
[2021-03-28T19:20:10+08:00] 127.0.0.1 GET admin.tp6.com/admin/node_edit.html?id=37&pid=11
[ sql ] [ DB ] CONNECT:[ UseTime:0.000935s ] mysql:host=127.0.0.1;port=3306;dbname=www_tp6_com;charset=utf8
[ sql ] [ SQL ] SHOW FULL COLUMNS FROM `node` [ RunTime:0.000776s ]
[ sql ] [ SQL ] SELECT * FROM `node` WHERE  `id` = 37 LIMIT 1 [ RunTime:0.000302s ]
[ info ] [ VIEW ] D:\Web\www.tp6.com\app\admin\view\admin\node_edit.html [ array (
  0 => 'node',
  1 => 'title',
) ]
---------------------------------------------------------------
[2021-03-28T19:20:26+08:00] 127.0.0.1 GET admin.tp6.com/admin/role.html
[ sql ] [ DB ] CONNECT:[ UseTime:0.000781s ] mysql:host=127.0.0.1;port=3306;dbname=www_tp6_com;charset=utf8
[ sql ] [ SQL ] SHOW FULL COLUMNS FROM `role` [ RunTime:0.001415s ]
[ sql ] [ SQL ] SELECT `id` FROM `role` [ RunTime:0.000170s ]
[ sql ] [ SQL ] SELECT * FROM `role` WHERE  `id` = 9 LIMIT 1 [ RunTime:0.000190s ]
[ sql ] [ SQL ] SHOW FULL COLUMNS FROM `admin_role` [ RunTime:0.001188s ]
[ sql ] [ SQL ] SHOW FULL COLUMNS FROM `admin` [ RunTime:0.000525s ]
[ sql ] [ SQL ] SELECT `admin`.*,`pivot`.`admin_id` AS `pivot__admin_id`,`pivot`.`role_id` AS `pivot__role_id` FROM `admin` INNER JOIN `admin_role` `pivot` ON `pivot`.`admin_id`=`admin`.`id` WHERE  `pivot`.`role_id` = 9 [ RunTime:0.000775s ]
[ sql ] [ SQL ] SELECT * FROM `role` WHERE  `id` = 30 LIMIT 1 [ RunTime:0.000405s ]
[ sql ] [ SQL ] SELECT `admin`.*,`pivot`.`admin_id` AS `pivot__admin_id`,`pivot`.`role_id` AS `pivot__role_id` FROM `admin` INNER JOIN `admin_role` `pivot` ON `pivot`.`admin_id`=`admin`.`id` WHERE  `pivot`.`role_id` = 30 [ RunTime:0.000263s ]
[ sql ] [ SQL ] SELECT * FROM `role` WHERE  `id` = 31 LIMIT 1 [ RunTime:0.000173s ]
[ sql ] [ SQL ] SELECT `admin`.*,`pivot`.`admin_id` AS `pivot__admin_id`,`pivot`.`role_id` AS `pivot__role_id` FROM `admin` INNER JOIN `admin_role` `pivot` ON `pivot`.`admin_id`=`admin`.`id` WHERE  `pivot`.`role_id` = 31 [ RunTime:0.000212s ]
[ sql ] [ SQL ] SELECT * FROM `role` WHERE  `id` = 32 LIMIT 1 [ RunTime:0.000165s ]
[ sql ] [ SQL ] SELECT `admin`.*,`pivot`.`admin_id` AS `pivot__admin_id`,`pivot`.`role_id` AS `pivot__role_id` FROM `admin` INNER JOIN `admin_role` `pivot` ON `pivot`.`admin_id`=`admin`.`id` WHERE  `pivot`.`role_id` = 32 [ RunTime:0.000218s ]
[ sql ] [ SQL ] SELECT * FROM `role` WHERE  `id` = 33 LIMIT 1 [ RunTime:0.000163s ]
[ sql ] [ SQL ] SELECT `admin`.*,`pivot`.`admin_id` AS `pivot__admin_id`,`pivot`.`role_id` AS `pivot__role_id` FROM `admin` INNER JOIN `admin_role` `pivot` ON `pivot`.`admin_id`=`admin`.`id` WHERE  `pivot`.`role_id` = 33 [ RunTime:0.000212s ]
[ info ] [ VIEW ] D:\Web\www.tp6.com\app\admin\view\admin\role.html [ array (
  0 => 'roleList',
) ]
---------------------------------------------------------------
[2021-03-28T19:20:27+08:00] 127.0.0.1 GET admin.tp6.com/admin/node.html
[ sql ] [ DB ] CONNECT:[ UseTime:0.000583s ] mysql:host=127.0.0.1;port=3306;dbname=www_tp6_com;charset=utf8
[ sql ] [ SQL ] SHOW FULL COLUMNS FROM `node` [ RunTime:0.000554s ]
[ sql ] [ SQL ] SELECT * FROM `node` ORDER BY `sort` [ RunTime:0.000296s ]
[ info ] [ VIEW ] D:\Web\www.tp6.com\app\admin\view\admin\node.html [ array (
  0 => 'node',
) ]
---------------------------------------------------------------
[2021-03-28T19:20:33+08:00] 127.0.0.1 GET admin.tp6.com/admin/node_edit.html?id=87&pid=84
[ sql ] [ DB ] CONNECT:[ UseTime:0.000590s ] mysql:host=127.0.0.1;port=3306;dbname=www_tp6_com;charset=utf8
[ sql ] [ SQL ] SHOW FULL COLUMNS FROM `node` [ RunTime:0.000632s ]
[ sql ] [ SQL ] SELECT * FROM `node` WHERE  `id` = 87 LIMIT 1 [ RunTime:0.000220s ]
[ info ] [ VIEW ] D:\Web\www.tp6.com\app\admin\view\admin\node_edit.html [ array (
  0 => 'node',
  1 => 'title',
) ]
---------------------------------------------------------------
[2021-03-28T19:20:39+08:00] 127.0.0.1 GET admin.tp6.com/admin/role.html
[ sql ] [ DB ] CONNECT:[ UseTime:0.000576s ] mysql:host=127.0.0.1;port=3306;dbname=www_tp6_com;charset=utf8
[ sql ] [ SQL ] SHOW FULL COLUMNS FROM `role` [ RunTime:0.001464s ]
[ sql ] [ SQL ] SELECT `id` FROM `role` [ RunTime:0.000166s ]
[ sql ] [ SQL ] SELECT * FROM `role` WHERE  `id` = 9 LIMIT 1 [ RunTime:0.000187s ]
[ sql ] [ SQL ] SHOW FULL COLUMNS FROM `admin_role` [ RunTime:0.001115s ]
[ sql ] [ SQL ] SHOW FULL COLUMNS FROM `admin` [ RunTime:0.000434s ]
[ sql ] [ SQL ] SELECT `admin`.*,`pivot`.`admin_id` AS `pivot__admin_id`,`pivot`.`role_id` AS `pivot__role_id` FROM `admin` INNER JOIN `admin_role` `pivot` ON `pivot`.`admin_id`=`admin`.`id` WHERE  `pivot`.`role_id` = 9 [ RunTime:0.000256s ]
[ sql ] [ SQL ] SELECT * FROM `role` WHERE  `id` = 30 LIMIT 1 [ RunTime:0.000480s ]
[ sql ] [ SQL ] SELECT `admin`.*,`pivot`.`admin_id` AS `pivot__admin_id`,`pivot`.`role_id` AS `pivot__role_id` FROM `admin` INNER JOIN `admin_role` `pivot` ON `pivot`.`admin_id`=`admin`.`id` WHERE  `pivot`.`role_id` = 30 [ RunTime:0.000520s ]
[ sql ] [ SQL ] SELECT * FROM `role` WHERE  `id` = 31 LIMIT 1 [ RunTime:0.000288s ]
[ sql ] [ SQL ] SELECT `admin`.*,`pivot`.`admin_id` AS `pivot__admin_id`,`pivot`.`role_id` AS `pivot__role_id` FROM `admin` INNER JOIN `admin_role` `pivot` ON `pivot`.`admin_id`=`admin`.`id` WHERE  `pivot`.`role_id` = 31 [ RunTime:0.000285s ]
[ sql ] [ SQL ] SELECT * FROM `role` WHERE  `id` = 32 LIMIT 1 [ RunTime:0.000166s ]
[ sql ] [ SQL ] SELECT `admin`.*,`pivot`.`admin_id` AS `pivot__admin_id`,`pivot`.`role_id` AS `pivot__role_id` FROM `admin` INNER JOIN `admin_role` `pivot` ON `pivot`.`admin_id`=`admin`.`id` WHERE  `pivot`.`role_id` = 32 [ RunTime:0.000224s ]
[ sql ] [ SQL ] SELECT * FROM `role` WHERE  `id` = 33 LIMIT 1 [ RunTime:0.000166s ]
[ sql ] [ SQL ] SELECT `admin`.*,`pivot`.`admin_id` AS `pivot__admin_id`,`pivot`.`role_id` AS `pivot__role_id` FROM `admin` INNER JOIN `admin_role` `pivot` ON `pivot`.`admin_id`=`admin`.`id` WHERE  `pivot`.`role_id` = 33 [ RunTime:0.000208s ]
[ info ] [ VIEW ] D:\Web\www.tp6.com\app\admin\view\admin\role.html [ array (
  0 => 'roleList',
) ]
---------------------------------------------------------------
[2021-03-28T19:20:43+08:00] 127.0.0.1 GET admin.tp6.com/admin/role_auth.html?id=9
[ sql ] [ DB ] CONNECT:[ UseTime:0.000701s ] mysql:host=127.0.0.1;port=3306;dbname=www_tp6_com;charset=utf8
[ sql ] [ SQL ] SHOW FULL COLUMNS FROM `node` [ RunTime:0.000576s ]
[ sql ] [ SQL ] SELECT * FROM `node` ORDER BY `sort` [ RunTime:0.000304s ]
[ sql ] [ SQL ] SHOW FULL COLUMNS FROM `role_node` [ RunTime:0.001895s ]
[ sql ] [ SQL ] SELECT `node_id` FROM `role_node` WHERE  `role_id` = 9 [ RunTime:0.037935s ]
[ info ] [ VIEW ] D:\Web\www.tp6.com\app\admin\view\admin\role_auth.html [ array (
  0 => 'roleNode',
  1 => 'node',
) ]
---------------------------------------------------------------
[2021-03-28T19:21:30+08:00] 127.0.0.1 GET admin.tp6.com/admin/role_auth.html?id=9
[ sql ] [ DB ] CONNECT:[ UseTime:0.000464s ] mysql:host=127.0.0.1;port=3306;dbname=www_tp6_com;charset=utf8
[ sql ] [ SQL ] SHOW FULL COLUMNS FROM `node` [ RunTime:0.000615s ]
[ sql ] [ SQL ] SELECT * FROM `node` ORDER BY `sort` [ RunTime:0.000307s ]
[ sql ] [ SQL ] SHOW FULL COLUMNS FROM `role_node` [ RunTime:0.001536s ]
[ sql ] [ SQL ] SELECT `node_id` FROM `role_node` WHERE  `role_id` = 9 [ RunTime:0.000268s ]
[ info ] [ VIEW ] D:\Web\www.tp6.com\app\admin\view\admin\role_auth.html [ array (
  0 => 'roleNode',
  1 => 'node',
) ]
---------------------------------------------------------------
[2021-03-28T19:22:16+08:00] 127.0.0.1 GET admin.tp6.com/admin/role_auth.html?id=9
[ sql ] [ DB ] CONNECT:[ UseTime:0.002714s ] mysql:host=127.0.0.1;port=3306;dbname=www_tp6_com;charset=utf8
[ sql ] [ SQL ] SHOW FULL COLUMNS FROM `node` [ RunTime:0.001457s ]
[ sql ] [ SQL ] SELECT * FROM `node` ORDER BY `sort` [ RunTime:0.000308s ]
[ sql ] [ SQL ] SHOW FULL COLUMNS FROM `role_node` [ RunTime:0.001585s ]
[ sql ] [ SQL ] SELECT `node_id` FROM `role_node` WHERE  `role_id` = 9 [ RunTime:0.000274s ]
[ info ] [ VIEW ] D:\Web\www.tp6.com\app\admin\view\admin\role_auth.html [ array (
  0 => 'roleNode',
  1 => 'node',
) ]
---------------------------------------------------------------
[2021-03-28T19:23:55+08:00] 127.0.0.1 GET admin.tp6.com/admin/role_auth.html?id=9
[ sql ] [ DB ] CONNECT:[ UseTime:0.000639s ] mysql:host=127.0.0.1;port=3306;dbname=www_tp6_com;charset=utf8
[ sql ] [ SQL ] SHOW FULL COLUMNS FROM `node` [ RunTime:0.000567s ]
[ sql ] [ SQL ] SELECT * FROM `node` ORDER BY `sort` [ RunTime:0.000753s ]
[ sql ] [ SQL ] SHOW FULL COLUMNS FROM `role_node` [ RunTime:0.002070s ]
[ sql ] [ SQL ] SELECT `node_id` FROM `role_node` WHERE  `role_id` = 9 [ RunTime:0.000503s ]
[ info ] [ VIEW ] D:\Web\www.tp6.com\app\admin\view\admin\role_auth.html [ array (
  0 => 'roleNode',
  1 => 'node',
) ]
---------------------------------------------------------------
[2021-03-28T19:25:54+08:00] 127.0.0.1 GET admin.tp6.com/admin/role_auth.html?id=9
[ sql ] [ DB ] CONNECT:[ UseTime:0.000887s ] mysql:host=127.0.0.1;port=3306;dbname=www_tp6_com;charset=utf8
[ sql ] [ SQL ] SHOW FULL COLUMNS FROM `node` [ RunTime:0.000785s ]
[ sql ] [ SQL ] SELECT * FROM `node` ORDER BY `sort` [ RunTime:0.000356s ]
[ sql ] [ SQL ] SHOW FULL COLUMNS FROM `role_node` [ RunTime:0.001504s ]
[ sql ] [ SQL ] SELECT `node_id` FROM `role_node` WHERE  `role_id` = 9 [ RunTime:0.000272s ]
[ info ] [ VIEW ] D:\Web\www.tp6.com\app\admin\view\admin\role_auth.html [ array (
  0 => 'roleNode',
  1 => 'node',
) ]
---------------------------------------------------------------
[2021-03-28T19:25:57+08:00] 127.0.0.1 GET admin.tp6.com/admin/role_auth.html?id=31
[ sql ] [ DB ] CONNECT:[ UseTime:0.000606s ] mysql:host=127.0.0.1;port=3306;dbname=www_tp6_com;charset=utf8
[ sql ] [ SQL ] SHOW FULL COLUMNS FROM `node` [ RunTime:0.000561s ]
[ sql ] [ SQL ] SELECT * FROM `node` ORDER BY `sort` [ RunTime:0.000684s ]
[ sql ] [ SQL ] SHOW FULL COLUMNS FROM `role_node` [ RunTime:0.001854s ]
[ sql ] [ SQL ] SELECT `node_id` FROM `role_node` WHERE  `role_id` = 31 [ RunTime:0.000373s ]
[ info ] [ VIEW ] D:\Web\www.tp6.com\app\admin\view\admin\role_auth.html [ array (
  0 => 'roleNode',
  1 => 'node',
) ]
---------------------------------------------------------------
[2021-03-28T20:37:00+08:00] 127.0.0.1 GET admin.tp6.com/home/index.html
[ sql ] [ DB ] CONNECT:[ UseTime:0.001412s ] mysql:host=127.0.0.1;port=3306;dbname=www_tp6_com;charset=utf8
[ sql ] [ SQL ] SHOW FULL COLUMNS FROM `node` [ RunTime:0.001002s ]
[ sql ] [ SQL ] SELECT `id` FROM `node` ORDER BY `sort` ASC [ RunTime:0.000358s ]
[ info ] [ VIEW ] D:\Web\www.tp6.com\app\admin\view\home\index.html [ array (
  0 => 'node',
) ]
---------------------------------------------------------------
[2021-03-28T20:37:00+08:00] 127.0.0.1 GET admin.tp6.com/home/info.html
[ sql ] [ DB ] CONNECT:[ UseTime:0.000842s ] mysql:host=127.0.0.1;port=3306;dbname=www_tp6_com;charset=utf8
[ sql ] [ SQL ] SHOW FULL COLUMNS FROM `admin` [ RunTime:0.000954s ]
[ sql ] [ SQL ] SELECT * FROM `admin` WHERE  `id` = 1 LIMIT 1 [ RunTime:0.000411s ]
[ sql ] [ SQL ] SHOW FULL COLUMNS FROM `admin_role` [ RunTime:0.000652s ]
[ sql ] [ SQL ] SHOW FULL COLUMNS FROM `role` [ RunTime:0.000458s ]
[ sql ] [ SQL ] SELECT `role`.*,`pivot`.`admin_id` AS `pivot__admin_id`,`pivot`.`role_id` AS `pivot__role_id` FROM `role` INNER JOIN `admin_role` `pivot` ON `pivot`.`role_id`=`role`.`id` WHERE  `pivot`.`admin_id` = 1 [ RunTime:0.000522s ]
[ info ] [ VIEW ] D:\Web\www.tp6.com\app\admin\view\home\info.html [ array (
  0 => 'admin',
  1 => 'adminRole',
) ]
---------------------------------------------------------------
[2021-03-28T20:37:01+08:00] 127.0.0.1 GET admin.tp6.com/home/index.html
[ sql ] [ DB ] CONNECT:[ UseTime:0.018366s ] mysql:host=127.0.0.1;port=3306;dbname=www_tp6_com;charset=utf8
[ sql ] [ SQL ] SHOW FULL COLUMNS FROM `node` [ RunTime:0.000826s ]
[ sql ] [ SQL ] SELECT `id` FROM `node` ORDER BY `sort` ASC [ RunTime:0.000272s ]
[ info ] [ VIEW ] D:\Web\www.tp6.com\app\admin\view\home\index.html [ array (
  0 => 'node',
) ]
---------------------------------------------------------------
[2021-03-28T20:37:01+08:00] 127.0.0.1 GET admin.tp6.com/home/info.html
[ sql ] [ DB ] CONNECT:[ UseTime:0.000747s ] mysql:host=127.0.0.1;port=3306;dbname=www_tp6_com;charset=utf8
[ sql ] [ SQL ] SHOW FULL COLUMNS FROM `admin` [ RunTime:0.000905s ]
[ sql ] [ SQL ] SELECT * FROM `admin` WHERE  `id` = 1 LIMIT 1 [ RunTime:0.000296s ]
[ sql ] [ SQL ] SHOW FULL COLUMNS FROM `admin_role` [ RunTime:0.000594s ]
[ sql ] [ SQL ] SHOW FULL COLUMNS FROM `role` [ RunTime:0.000388s ]
[ sql ] [ SQL ] SELECT `role`.*,`pivot`.`admin_id` AS `pivot__admin_id`,`pivot`.`role_id` AS `pivot__role_id` FROM `role` INNER JOIN `admin_role` `pivot` ON `pivot`.`role_id`=`role`.`id` WHERE  `pivot`.`admin_id` = 1 [ RunTime:0.000352s ]
[ info ] [ VIEW ] D:\Web\www.tp6.com\app\admin\view\home\info.html [ array (
  0 => 'admin',
  1 => 'adminRole',
) ]
---------------------------------------------------------------
[2021-03-28T20:37:02+08:00] 127.0.0.1 GET admin.tp6.com/admin/role.html
[ sql ] [ DB ] CONNECT:[ UseTime:0.000606s ] mysql:host=127.0.0.1;port=3306;dbname=www_tp6_com;charset=utf8
[ sql ] [ SQL ] SHOW FULL COLUMNS FROM `role` [ RunTime:0.001609s ]
[ sql ] [ SQL ] SELECT `id` FROM `role` [ RunTime:0.000173s ]
[ sql ] [ SQL ] SELECT * FROM `role` WHERE  `id` = 9 LIMIT 1 [ RunTime:0.000217s ]
[ sql ] [ SQL ] SHOW FULL COLUMNS FROM `admin_role` [ RunTime:0.001335s ]
[ sql ] [ SQL ] SHOW FULL COLUMNS FROM `admin` [ RunTime:0.001278s ]
[ sql ] [ SQL ] SELECT `admin`.*,`pivot`.`admin_id` AS `pivot__admin_id`,`pivot`.`role_id` AS `pivot__role_id` FROM `admin` INNER JOIN `admin_role` `pivot` ON `pivot`.`admin_id`=`admin`.`id` WHERE  `pivot`.`role_id` = 9 [ RunTime:0.000374s ]
[ sql ] [ SQL ] SELECT * FROM `role` WHERE  `id` = 30 LIMIT 1 [ RunTime:0.000175s ]
[ sql ] [ SQL ] SELECT `admin`.*,`pivot`.`admin_id` AS `pivot__admin_id`,`pivot`.`role_id` AS `pivot__role_id` FROM `admin` INNER JOIN `admin_role` `pivot` ON `pivot`.`admin_id`=`admin`.`id` WHERE  `pivot`.`role_id` = 30 [ RunTime:0.000525s ]
[ sql ] [ SQL ] SELECT * FROM `role` WHERE  `id` = 31 LIMIT 1 [ RunTime:0.000291s ]
[ sql ] [ SQL ] SELECT `admin`.*,`pivot`.`admin_id` AS `pivot__admin_id`,`pivot`.`role_id` AS `pivot__role_id` FROM `admin` INNER JOIN `admin_role` `pivot` ON `pivot`.`admin_id`=`admin`.`id` WHERE  `pivot`.`role_id` = 31 [ RunTime:0.000429s ]
[ sql ] [ SQL ] SELECT * FROM `role` WHERE  `id` = 32 LIMIT 1 [ RunTime:0.000181s ]
[ sql ] [ SQL ] SELECT `admin`.*,`pivot`.`admin_id` AS `pivot__admin_id`,`pivot`.`role_id` AS `pivot__role_id` FROM `admin` INNER JOIN `admin_role` `pivot` ON `pivot`.`admin_id`=`admin`.`id` WHERE  `pivot`.`role_id` = 32 [ RunTime:0.000229s ]
[ sql ] [ SQL ] SELECT * FROM `role` WHERE  `id` = 33 LIMIT 1 [ RunTime:0.000170s ]
[ sql ] [ SQL ] SELECT `admin`.*,`pivot`.`admin_id` AS `pivot__admin_id`,`pivot`.`role_id` AS `pivot__role_id` FROM `admin` INNER JOIN `admin_role` `pivot` ON `pivot`.`admin_id`=`admin`.`id` WHERE  `pivot`.`role_id` = 33 [ RunTime:0.000289s ]
[ info ] [ VIEW ] D:\Web\www.tp6.com\app\admin\view\admin\role.html [ array (
  0 => 'roleList',
) ]
---------------------------------------------------------------
[2021-03-28T20:37:02+08:00] 127.0.0.1 GET admin.tp6.com/admin/node.html
[ sql ] [ DB ] CONNECT:[ UseTime:0.000829s ] mysql:host=127.0.0.1;port=3306;dbname=www_tp6_com;charset=utf8
[ sql ] [ SQL ] SHOW FULL COLUMNS FROM `node` [ RunTime:0.000894s ]
[ sql ] [ SQL ] SELECT * FROM `node` ORDER BY `sort` [ RunTime:0.000349s ]
[ info ] [ VIEW ] D:\Web\www.tp6.com\app\admin\view\admin\node.html [ array (
  0 => 'node',
) ]
---------------------------------------------------------------
[2021-03-28T21:43:30+08:00] 127.0.0.1 GET admin.tp6.com/admin/index.html
[ sql ] [ DB ] CONNECT:[ UseTime:0.002953s ] mysql:host=127.0.0.1;port=3306;dbname=www_tp6_com;charset=utf8
[ sql ] [ SQL ] SHOW FULL COLUMNS FROM `admin` [ RunTime:0.002059s ]
[ sql ] [ SQL ] SELECT `id` FROM `admin` [ RunTime:0.000472s ]
[ sql ] [ SQL ] SELECT * FROM `admin` WHERE  `id` = 1 LIMIT 1 [ RunTime:0.000331s ]
[ sql ] [ SQL ] SHOW FULL COLUMNS FROM `admin_role` [ RunTime:0.000635s ]
[ sql ] [ SQL ] SHOW FULL COLUMNS FROM `role` [ RunTime:0.001476s ]
[ sql ] [ SQL ] SELECT `role`.*,`pivot`.`admin_id` AS `pivot__admin_id`,`pivot`.`role_id` AS `pivot__role_id` FROM `role` INNER JOIN `admin_role` `pivot` ON `pivot`.`role_id`=`role`.`id` WHERE  `pivot`.`admin_id` = 1 [ RunTime:0.001248s ]
[ sql ] [ SQL ] SELECT * FROM `admin` WHERE  `id` = 3 LIMIT 1 [ RunTime:0.000269s ]
[ sql ] [ SQL ] SELECT `role`.*,`pivot`.`admin_id` AS `pivot__admin_id`,`pivot`.`role_id` AS `pivot__role_id` FROM `role` INNER JOIN `admin_role` `pivot` ON `pivot`.`role_id`=`role`.`id` WHERE  `pivot`.`admin_id` = 3 [ RunTime:0.000337s ]
[ info ] [ VIEW ] D:\Web\www.tp6.com\app\admin\view\admin\index.html [ array (
  0 => 'adminList',
) ]
---------------------------------------------------------------
[2021-03-28T21:43:36+08:00] 127.0.0.1 GET admin.tp6.com/home/info.html
[ sql ] [ DB ] CONNECT:[ UseTime:0.000892s ] mysql:host=127.0.0.1;port=3306;dbname=www_tp6_com;charset=utf8
[ sql ] [ SQL ] SHOW FULL COLUMNS FROM `admin` [ RunTime:0.000745s ]
[ sql ] [ SQL ] SELECT * FROM `admin` WHERE  `id` = 1 LIMIT 1 [ RunTime:0.000268s ]
[ sql ] [ SQL ] SHOW FULL COLUMNS FROM `admin_role` [ RunTime:0.000417s ]
[ sql ] [ SQL ] SHOW FULL COLUMNS FROM `role` [ RunTime:0.000394s ]
[ sql ] [ SQL ] SELECT `role`.*,`pivot`.`admin_id` AS `pivot__admin_id`,`pivot`.`role_id` AS `pivot__role_id` FROM `role` INNER JOIN `admin_role` `pivot` ON `pivot`.`role_id`=`role`.`id` WHERE  `pivot`.`admin_id` = 1 [ RunTime:0.000315s ]
[ info ] [ VIEW ] D:\Web\www.tp6.com\app\admin\view\home\info.html [ array (
  0 => 'admin',
  1 => 'adminRole',
) ]
---------------------------------------------------------------
[2021-03-28T21:43:39+08:00] 127.0.0.1 GET admin.tp6.com/home/info.html
[ sql ] [ DB ] CONNECT:[ UseTime:0.001056s ] mysql:host=127.0.0.1;port=3306;dbname=www_tp6_com;charset=utf8
[ sql ] [ SQL ] SHOW FULL COLUMNS FROM `admin` [ RunTime:0.001726s ]
[ sql ] [ SQL ] SELECT * FROM `admin` WHERE  `id` = 1 LIMIT 1 [ RunTime:0.000303s ]
[ sql ] [ SQL ] SHOW FULL COLUMNS FROM `admin_role` [ RunTime:0.003323s ]
[ sql ] [ SQL ] SHOW FULL COLUMNS FROM `role` [ RunTime:0.000852s ]
[ sql ] [ SQL ] SELECT `role`.*,`pivot`.`admin_id` AS `pivot__admin_id`,`pivot`.`role_id` AS `pivot__role_id` FROM `role` INNER JOIN `admin_role` `pivot` ON `pivot`.`role_id`=`role`.`id` WHERE  `pivot`.`admin_id` = 1 [ RunTime:0.000386s ]
[ info ] [ VIEW ] D:\Web\www.tp6.com\app\admin\view\home\info.html [ array (
  0 => 'admin',
  1 => 'adminRole',
) ]
---------------------------------------------------------------
[2021-03-28T21:43:45+08:00] 127.0.0.1 GET admin.tp6.com/home/info.html
[ sql ] [ DB ] CONNECT:[ UseTime:0.000739s ] mysql:host=127.0.0.1;port=3306;dbname=www_tp6_com;charset=utf8
[ sql ] [ SQL ] SHOW FULL COLUMNS FROM `admin` [ RunTime:0.001054s ]
[ sql ] [ SQL ] SELECT * FROM `admin` WHERE  `id` = 1 LIMIT 1 [ RunTime:0.000423s ]
[ sql ] [ SQL ] SHOW FULL COLUMNS FROM `admin_role` [ RunTime:0.000567s ]
[ sql ] [ SQL ] SHOW FULL COLUMNS FROM `role` [ RunTime:0.000411s ]
[ sql ] [ SQL ] SELECT `role`.*,`pivot`.`admin_id` AS `pivot__admin_id`,`pivot`.`role_id` AS `pivot__role_id` FROM `role` INNER JOIN `admin_role` `pivot` ON `pivot`.`role_id`=`role`.`id` WHERE  `pivot`.`admin_id` = 1 [ RunTime:0.000331s ]
[ info ] [ VIEW ] D:\Web\www.tp6.com\app\admin\view\home\info.html [ array (
  0 => 'admin',
  1 => 'adminRole',
) ]
---------------------------------------------------------------
[2021-03-28T21:45:05+08:00] 127.0.0.1 GET admin.tp6.com/home/index.html
[ sql ] [ DB ] CONNECT:[ UseTime:0.000644s ] mysql:host=127.0.0.1;port=3306;dbname=www_tp6_com;charset=utf8
[ sql ] [ SQL ] SHOW FULL COLUMNS FROM `node` [ RunTime:0.000714s ]
[ sql ] [ SQL ] SELECT `id` FROM `node` ORDER BY `sort` ASC [ RunTime:0.000387s ]
[ info ] [ VIEW ] D:\Web\www.tp6.com\app\admin\view\home\index.html [ array (
  0 => 'node',
) ]
---------------------------------------------------------------
[2021-03-28T21:45:05+08:00] 127.0.0.1 GET admin.tp6.com/home/info.html
[ sql ] [ DB ] CONNECT:[ UseTime:0.001412s ] mysql:host=127.0.0.1;port=3306;dbname=www_tp6_com;charset=utf8
[ sql ] [ SQL ] SHOW FULL COLUMNS FROM `admin` [ RunTime:0.001797s ]
[ sql ] [ SQL ] SELECT * FROM `admin` WHERE  `id` = 1 LIMIT 1 [ RunTime:0.000804s ]
[ sql ] [ SQL ] SHOW FULL COLUMNS FROM `admin_role` [ RunTime:0.000947s ]
[ sql ] [ SQL ] SHOW FULL COLUMNS FROM `role` [ RunTime:0.000687s ]
[ sql ] [ SQL ] SELECT `role`.*,`pivot`.`admin_id` AS `pivot__admin_id`,`pivot`.`role_id` AS `pivot__role_id` FROM `role` INNER JOIN `admin_role` `pivot` ON `pivot`.`role_id`=`role`.`id` WHERE  `pivot`.`admin_id` = 1 [ RunTime:0.000494s ]
[ info ] [ VIEW ] D:\Web\www.tp6.com\app\admin\view\home\info.html [ array (
  0 => 'admin',
  1 => 'adminRole',
) ]
---------------------------------------------------------------
[2021-03-28T21:54:39+08:00] 127.0.0.1 GET admin.tp6.com/admin/node.html
[ sql ] [ DB ] CONNECT:[ UseTime:0.001780s ] mysql:host=127.0.0.1;port=3306;dbname=www_tp6_com;charset=utf8
[ sql ] [ SQL ] SHOW FULL COLUMNS FROM `node` [ RunTime:0.001249s ]
[ sql ] [ SQL ] SELECT * FROM `node` ORDER BY `sort` [ RunTime:0.000447s ]
[ info ] [ VIEW ] D:\Web\www.tp6.com\app\admin\view\admin\node.html [ array (
  0 => 'node',
) ]
---------------------------------------------------------------
[2021-03-28T21:57:29+08:00] 127.0.0.1 GET admin.tp6.com/home/info.html
[ sql ] [ DB ] CONNECT:[ UseTime:0.000701s ] mysql:host=127.0.0.1;port=3306;dbname=www_tp6_com;charset=utf8
[ sql ] [ SQL ] SHOW FULL COLUMNS FROM `admin` [ RunTime:0.000791s ]
[ sql ] [ SQL ] SELECT * FROM `admin` WHERE  `id` = 1 LIMIT 1 [ RunTime:0.000242s ]
[ sql ] [ SQL ] SHOW FULL COLUMNS FROM `admin_role` [ RunTime:0.001004s ]
[ sql ] [ SQL ] SHOW FULL COLUMNS FROM `role` [ RunTime:0.000606s ]
[ sql ] [ SQL ] SELECT `role`.*,`pivot`.`admin_id` AS `pivot__admin_id`,`pivot`.`role_id` AS `pivot__role_id` FROM `role` INNER JOIN `admin_role` `pivot` ON `pivot`.`role_id`=`role`.`id` WHERE  `pivot`.`admin_id` = 1 [ RunTime:0.000305s ]
[ info ] [ VIEW ] D:\Web\www.tp6.com\app\admin\view\home\info.html [ array (
  0 => 'admin',
  1 => 'adminRole',
) ]
---------------------------------------------------------------
[2021-03-28T21:57:31+08:00] 127.0.0.1 GET admin.tp6.com/home/info.html
[ sql ] [ DB ] CONNECT:[ UseTime:0.000610s ] mysql:host=127.0.0.1;port=3306;dbname=www_tp6_com;charset=utf8
[ sql ] [ SQL ] SHOW FULL COLUMNS FROM `admin` [ RunTime:0.000614s ]
[ sql ] [ SQL ] SELECT * FROM `admin` WHERE  `id` = 1 LIMIT 1 [ RunTime:0.000223s ]
[ sql ] [ SQL ] SHOW FULL COLUMNS FROM `admin_role` [ RunTime:0.000370s ]
[ sql ] [ SQL ] SHOW FULL COLUMNS FROM `role` [ RunTime:0.000366s ]
[ sql ] [ SQL ] SELECT `role`.*,`pivot`.`admin_id` AS `pivot__admin_id`,`pivot`.`role_id` AS `pivot__role_id` FROM `role` INNER JOIN `admin_role` `pivot` ON `pivot`.`role_id`=`role`.`id` WHERE  `pivot`.`admin_id` = 1 [ RunTime:0.000238s ]
[ info ] [ VIEW ] D:\Web\www.tp6.com\app\admin\view\home\info.html [ array (
  0 => 'admin',
  1 => 'adminRole',
) ]
---------------------------------------------------------------
[2021-03-28T21:57:34+08:00] 127.0.0.1 GET admin.tp6.com/admin/index.html
[ sql ] [ DB ] CONNECT:[ UseTime:0.000622s ] mysql:host=127.0.0.1;port=3306;dbname=www_tp6_com;charset=utf8
[ sql ] [ SQL ] SHOW FULL COLUMNS FROM `admin` [ RunTime:0.000590s ]
[ sql ] [ SQL ] SELECT `id` FROM `admin` [ RunTime:0.000167s ]
[ sql ] [ SQL ] SELECT * FROM `admin` WHERE  `id` = 1 LIMIT 1 [ RunTime:0.000205s ]
[ sql ] [ SQL ] SHOW FULL COLUMNS FROM `admin_role` [ RunTime:0.000372s ]
[ sql ] [ SQL ] SHOW FULL COLUMNS FROM `role` [ RunTime:0.000377s ]
[ sql ] [ SQL ] SELECT `role`.*,`pivot`.`admin_id` AS `pivot__admin_id`,`pivot`.`role_id` AS `pivot__role_id` FROM `role` INNER JOIN `admin_role` `pivot` ON `pivot`.`role_id`=`role`.`id` WHERE  `pivot`.`admin_id` = 1 [ RunTime:0.000244s ]
[ sql ] [ SQL ] SELECT * FROM `admin` WHERE  `id` = 3 LIMIT 1 [ RunTime:0.000183s ]
[ sql ] [ SQL ] SELECT `role`.*,`pivot`.`admin_id` AS `pivot__admin_id`,`pivot`.`role_id` AS `pivot__role_id` FROM `role` INNER JOIN `admin_role` `pivot` ON `pivot`.`role_id`=`role`.`id` WHERE  `pivot`.`admin_id` = 3 [ RunTime:0.000241s ]
[ info ] [ VIEW ] D:\Web\www.tp6.com\app\admin\view\admin\index.html [ array (
  0 => 'adminList',
) ]
---------------------------------------------------------------
[2021-03-28T21:57:38+08:00] 127.0.0.1 GET admin.tp6.com/home/info.html
[ sql ] [ DB ] CONNECT:[ UseTime:0.000680s ] mysql:host=127.0.0.1;port=3306;dbname=www_tp6_com;charset=utf8
[ sql ] [ SQL ] SHOW FULL COLUMNS FROM `admin` [ RunTime:0.001527s ]
[ sql ] [ SQL ] SELECT * FROM `admin` WHERE  `id` = 1 LIMIT 1 [ RunTime:0.000397s ]
[ sql ] [ SQL ] SHOW FULL COLUMNS FROM `admin_role` [ RunTime:0.000727s ]
[ sql ] [ SQL ] SHOW FULL COLUMNS FROM `role` [ RunTime:0.000408s ]
[ sql ] [ SQL ] SELECT `role`.*,`pivot`.`admin_id` AS `pivot__admin_id`,`pivot`.`role_id` AS `pivot__role_id` FROM `role` INNER JOIN `admin_role` `pivot` ON `pivot`.`role_id`=`role`.`id` WHERE  `pivot`.`admin_id` = 1 [ RunTime:0.000270s ]
[ info ] [ VIEW ] D:\Web\www.tp6.com\app\admin\view\home\info.html [ array (
  0 => 'admin',
  1 => 'adminRole',
) ]
---------------------------------------------------------------
[2021-03-28T21:57:40+08:00] 127.0.0.1 GET admin.tp6.com/home/index.html
[ sql ] [ DB ] CONNECT:[ UseTime:0.000590s ] mysql:host=127.0.0.1;port=3306;dbname=www_tp6_com;charset=utf8
[ sql ] [ SQL ] SHOW FULL COLUMNS FROM `node` [ RunTime:0.000668s ]
[ sql ] [ SQL ] SELECT `id` FROM `node` ORDER BY `sort` ASC [ RunTime:0.000264s ]
[ info ] [ VIEW ] D:\Web\www.tp6.com\app\admin\view\home\index.html [ array (
  0 => 'node',
) ]
---------------------------------------------------------------
[2021-03-28T21:57:40+08:00] 127.0.0.1 GET admin.tp6.com/home/info.html
[ sql ] [ DB ] CONNECT:[ UseTime:0.001935s ] mysql:host=127.0.0.1;port=3306;dbname=www_tp6_com;charset=utf8
[ sql ] [ SQL ] SHOW FULL COLUMNS FROM `admin` [ RunTime:0.001053s ]
[ sql ] [ SQL ] SELECT * FROM `admin` WHERE  `id` = 1 LIMIT 1 [ RunTime:0.000292s ]
[ sql ] [ SQL ] SHOW FULL COLUMNS FROM `admin_role` [ RunTime:0.000525s ]
[ sql ] [ SQL ] SHOW FULL COLUMNS FROM `role` [ RunTime:0.000505s ]
[ sql ] [ SQL ] SELECT `role`.*,`pivot`.`admin_id` AS `pivot__admin_id`,`pivot`.`role_id` AS `pivot__role_id` FROM `role` INNER JOIN `admin_role` `pivot` ON `pivot`.`role_id`=`role`.`id` WHERE  `pivot`.`admin_id` = 1 [ RunTime:0.000603s ]
[ info ] [ VIEW ] D:\Web\www.tp6.com\app\admin\view\home\info.html [ array (
  0 => 'admin',
  1 => 'adminRole',
) ]
---------------------------------------------------------------
[2021-03-28T21:57:41+08:00] 127.0.0.1 GET admin.tp6.com/admin/index.html
[ sql ] [ DB ] CONNECT:[ UseTime:0.000606s ] mysql:host=127.0.0.1;port=3306;dbname=www_tp6_com;charset=utf8
[ sql ] [ SQL ] SHOW FULL COLUMNS FROM `admin` [ RunTime:0.000655s ]
[ sql ] [ SQL ] SELECT `id` FROM `admin` [ RunTime:0.000166s ]
[ sql ] [ SQL ] SELECT * FROM `admin` WHERE  `id` = 1 LIMIT 1 [ RunTime:0.000200s ]
[ sql ] [ SQL ] SHOW FULL COLUMNS FROM `admin_role` [ RunTime:0.000411s ]
[ sql ] [ SQL ] SHOW FULL COLUMNS FROM `role` [ RunTime:0.000405s ]
[ sql ] [ SQL ] SELECT `role`.*,`pivot`.`admin_id` AS `pivot__admin_id`,`pivot`.`role_id` AS `pivot__role_id` FROM `role` INNER JOIN `admin_role` `pivot` ON `pivot`.`role_id`=`role`.`id` WHERE  `pivot`.`admin_id` = 1 [ RunTime:0.000252s ]
[ sql ] [ SQL ] SELECT * FROM `admin` WHERE  `id` = 3 LIMIT 1 [ RunTime:0.000390s ]
[ sql ] [ SQL ] SELECT `role`.*,`pivot`.`admin_id` AS `pivot__admin_id`,`pivot`.`role_id` AS `pivot__role_id` FROM `role` INNER JOIN `admin_role` `pivot` ON `pivot`.`role_id`=`role`.`id` WHERE  `pivot`.`admin_id` = 3 [ RunTime:0.000298s ]
[ info ] [ VIEW ] D:\Web\www.tp6.com\app\admin\view\admin\index.html [ array (
  0 => 'adminList',
) ]
---------------------------------------------------------------
[2021-03-28T21:57:42+08:00] 127.0.0.1 GET admin.tp6.com/admin/role.html
[ sql ] [ DB ] CONNECT:[ UseTime:0.000513s ] mysql:host=127.0.0.1;port=3306;dbname=www_tp6_com;charset=utf8
[ sql ] [ SQL ] SHOW FULL COLUMNS FROM `role` [ RunTime:0.000586s ]
[ sql ] [ SQL ] SELECT `id` FROM `role` [ RunTime:0.000354s ]
[ sql ] [ SQL ] SELECT * FROM `role` WHERE  `id` = 9 LIMIT 1 [ RunTime:0.000366s ]
[ sql ] [ SQL ] SHOW FULL COLUMNS FROM `admin_role` [ RunTime:0.000663s ]
[ sql ] [ SQL ] SHOW FULL COLUMNS FROM `admin` [ RunTime:0.000442s ]
[ sql ] [ SQL ] SELECT `admin`.*,`pivot`.`admin_id` AS `pivot__admin_id`,`pivot`.`role_id` AS `pivot__role_id` FROM `admin` INNER JOIN `admin_role` `pivot` ON `pivot`.`admin_id`=`admin`.`id` WHERE  `pivot`.`role_id` = 9 [ RunTime:0.000389s ]
[ sql ] [ SQL ] SELECT * FROM `role` WHERE  `id` = 30 LIMIT 1 [ RunTime:0.000261s ]
[ sql ] [ SQL ] SELECT `admin`.*,`pivot`.`admin_id` AS `pivot__admin_id`,`pivot`.`role_id` AS `pivot__role_id` FROM `admin` INNER JOIN `admin_role` `pivot` ON `pivot`.`admin_id`=`admin`.`id` WHERE  `pivot`.`role_id` = 30 [ RunTime:0.000236s ]
[ sql ] [ SQL ] SELECT * FROM `role` WHERE  `id` = 31 LIMIT 1 [ RunTime:0.000172s ]
[ sql ] [ SQL ] SELECT `admin`.*,`pivot`.`admin_id` AS `pivot__admin_id`,`pivot`.`role_id` AS `pivot__role_id` FROM `admin` INNER JOIN `admin_role` `pivot` ON `pivot`.`admin_id`=`admin`.`id` WHERE  `pivot`.`role_id` = 31 [ RunTime:0.000213s ]
[ sql ] [ SQL ] SELECT * FROM `role` WHERE  `id` = 32 LIMIT 1 [ RunTime:0.000167s ]
[ sql ] [ SQL ] SELECT `admin`.*,`pivot`.`admin_id` AS `pivot__admin_id`,`pivot`.`role_id` AS `pivot__role_id` FROM `admin` INNER JOIN `admin_role` `pivot` ON `pivot`.`admin_id`=`admin`.`id` WHERE  `pivot`.`role_id` = 32 [ RunTime:0.000220s ]
[ sql ] [ SQL ] SELECT * FROM `role` WHERE  `id` = 33 LIMIT 1 [ RunTime:0.000170s ]
[ sql ] [ SQL ] SELECT `admin`.*,`pivot`.`admin_id` AS `pivot__admin_id`,`pivot`.`role_id` AS `pivot__role_id` FROM `admin` INNER JOIN `admin_role` `pivot` ON `pivot`.`admin_id`=`admin`.`id` WHERE  `pivot`.`role_id` = 33 [ RunTime:0.000216s ]
[ info ] [ VIEW ] D:\Web\www.tp6.com\app\admin\view\admin\role.html [ array (
  0 => 'roleList',
) ]
---------------------------------------------------------------
[2021-03-28T21:57:42+08:00] 127.0.0.1 GET admin.tp6.com/home/info.html
[ sql ] [ DB ] CONNECT:[ UseTime:0.000601s ] mysql:host=127.0.0.1;port=3306;dbname=www_tp6_com;charset=utf8
[ sql ] [ SQL ] SHOW FULL COLUMNS FROM `admin` [ RunTime:0.000631s ]
[ sql ] [ SQL ] SELECT * FROM `admin` WHERE  `id` = 1 LIMIT 1 [ RunTime:0.000220s ]
[ sql ] [ SQL ] SHOW FULL COLUMNS FROM `admin_role` [ RunTime:0.001300s ]
[ sql ] [ SQL ] SHOW FULL COLUMNS FROM `role` [ RunTime:0.001177s ]
[ sql ] [ SQL ] SELECT `role`.*,`pivot`.`admin_id` AS `pivot__admin_id`,`pivot`.`role_id` AS `pivot__role_id` FROM `role` INNER JOIN `admin_role` `pivot` ON `pivot`.`role_id`=`role`.`id` WHERE  `pivot`.`admin_id` = 1 [ RunTime:0.000259s ]
[ info ] [ VIEW ] D:\Web\www.tp6.com\app\admin\view\home\info.html [ array (
  0 => 'admin',
  1 => 'adminRole',
) ]
---------------------------------------------------------------
[2021-03-28T21:57:43+08:00] 127.0.0.1 GET admin.tp6.com/home/info.html
[ sql ] [ DB ] CONNECT:[ UseTime:0.000599s ] mysql:host=127.0.0.1;port=3306;dbname=www_tp6_com;charset=utf8
[ sql ] [ SQL ] SHOW FULL COLUMNS FROM `admin` [ RunTime:0.000607s ]
[ sql ] [ SQL ] SELECT * FROM `admin` WHERE  `id` = 1 LIMIT 1 [ RunTime:0.000219s ]
[ sql ] [ SQL ] SHOW FULL COLUMNS FROM `admin_role` [ RunTime:0.000413s ]
[ sql ] [ SQL ] SHOW FULL COLUMNS FROM `role` [ RunTime:0.000390s ]
[ sql ] [ SQL ] SELECT `role`.*,`pivot`.`admin_id` AS `pivot__admin_id`,`pivot`.`role_id` AS `pivot__role_id` FROM `role` INNER JOIN `admin_role` `pivot` ON `pivot`.`role_id`=`role`.`id` WHERE  `pivot`.`admin_id` = 1 [ RunTime:0.000255s ]
[ info ] [ VIEW ] D:\Web\www.tp6.com\app\admin\view\home\info.html [ array (
  0 => 'admin',
  1 => 'adminRole',
) ]
---------------------------------------------------------------
[2021-03-28T21:57:51+08:00] 127.0.0.1 GET admin.tp6.com/home/index.html
[ sql ] [ DB ] CONNECT:[ UseTime:0.000582s ] mysql:host=127.0.0.1;port=3306;dbname=www_tp6_com;charset=utf8
[ sql ] [ SQL ] SHOW FULL COLUMNS FROM `node` [ RunTime:0.000701s ]
[ sql ] [ SQL ] SELECT `id` FROM `node` ORDER BY `sort` ASC [ RunTime:0.000265s ]
[ info ] [ VIEW ] D:\Web\www.tp6.com\app\admin\view\home\index.html [ array (
  0 => 'node',
) ]
---------------------------------------------------------------
[2021-03-28T21:57:51+08:00] 127.0.0.1 GET admin.tp6.com/home/info.html
[ sql ] [ DB ] CONNECT:[ UseTime:0.000813s ] mysql:host=127.0.0.1;port=3306;dbname=www_tp6_com;charset=utf8
[ sql ] [ SQL ] SHOW FULL COLUMNS FROM `admin` [ RunTime:0.000658s ]
[ sql ] [ SQL ] SELECT * FROM `admin` WHERE  `id` = 1 LIMIT 1 [ RunTime:0.000260s ]
[ sql ] [ SQL ] SHOW FULL COLUMNS FROM `admin_role` [ RunTime:0.001431s ]
[ sql ] [ SQL ] SHOW FULL COLUMNS FROM `role` [ RunTime:0.000505s ]
[ sql ] [ SQL ] SELECT `role`.*,`pivot`.`admin_id` AS `pivot__admin_id`,`pivot`.`role_id` AS `pivot__role_id` FROM `role` INNER JOIN `admin_role` `pivot` ON `pivot`.`role_id`=`role`.`id` WHERE  `pivot`.`admin_id` = 1 [ RunTime:0.000294s ]
[ info ] [ VIEW ] D:\Web\www.tp6.com\app\admin\view\home\info.html [ array (
  0 => 'admin',
  1 => 'adminRole',
) ]
---------------------------------------------------------------
[2021-03-28T21:57:54+08:00] 127.0.0.1 GET admin.tp6.com/home/index.html
[ sql ] [ DB ] CONNECT:[ UseTime:0.000666s ] mysql:host=127.0.0.1;port=3306;dbname=www_tp6_com;charset=utf8
[ sql ] [ SQL ] SHOW FULL COLUMNS FROM `node` [ RunTime:0.000615s ]
[ sql ] [ SQL ] SELECT `id` FROM `node` ORDER BY `sort` ASC [ RunTime:0.000335s ]
[ info ] [ VIEW ] D:\Web\www.tp6.com\app\admin\view\home\index.html [ array (
  0 => 'node',
) ]
---------------------------------------------------------------
[2021-03-28T21:58:00+08:00] 127.0.0.1 GET admin.tp6.com/home/index.html
[ sql ] [ DB ] CONNECT:[ UseTime:0.000702s ] mysql:host=127.0.0.1;port=3306;dbname=www_tp6_com;charset=utf8
[ sql ] [ SQL ] SHOW FULL COLUMNS FROM `node` [ RunTime:0.000662s ]
[ sql ] [ SQL ] SELECT `id` FROM `node` ORDER BY `sort` ASC [ RunTime:0.000265s ]
[ info ] [ VIEW ] D:\Web\www.tp6.com\app\admin\view\home\index.html [ array (
  0 => 'node',
) ]
---------------------------------------------------------------
[2021-03-28T21:58:00+08:00] 127.0.0.1 GET admin.tp6.com/home/info.html
[ sql ] [ DB ] CONNECT:[ UseTime:0.000762s ] mysql:host=127.0.0.1;port=3306;dbname=www_tp6_com;charset=utf8
[ sql ] [ SQL ] SHOW FULL COLUMNS FROM `admin` [ RunTime:0.000777s ]
[ sql ] [ SQL ] SELECT * FROM `admin` WHERE  `id` = 1 LIMIT 1 [ RunTime:0.000492s ]
[ sql ] [ SQL ] SHOW FULL COLUMNS FROM `admin_role` [ RunTime:0.000814s ]
[ sql ] [ SQL ] SHOW FULL COLUMNS FROM `role` [ RunTime:0.000456s ]
[ sql ] [ SQL ] SELECT `role`.*,`pivot`.`admin_id` AS `pivot__admin_id`,`pivot`.`role_id` AS `pivot__role_id` FROM `role` INNER JOIN `admin_role` `pivot` ON `pivot`.`role_id`=`role`.`id` WHERE  `pivot`.`admin_id` = 1 [ RunTime:0.000350s ]
[ info ] [ VIEW ] D:\Web\www.tp6.com\app\admin\view\home\info.html [ array (
  0 => 'admin',
  1 => 'adminRole',
) ]
