---------------------------------------------------------------
[2021-07-09T10:05:38+08:00] 127.0.0.1 GET www.tp6.com/
[ sql ] [ DB ] CONNECT:[ UseTime:0.001752s ] mysql:host=127.0.0.1;port=3306;dbname=www_tp6_com;charset=utf8
[ sql ] [ SQL ] SHOW FULL COLUMNS FROM `article` [ RunTime:0.002084s ]
[ sql ] [ SQL ] SELECT * FROM `article` WHERE  `status` = 1  AND `type_id` = 3 ORDER BY `create_time` DESC LIMIT 6 [ RunTime:0.001706s ]
[ sql ] [ SQL ] SELECT * FROM `article` WHERE  `status` = 1  AND `type_id` = 1 ORDER BY `create_time` DESC LIMIT 7 [ RunTime:0.000258s ]
[ sql ] [ SQL ] SHOW FULL COLUMNS FROM `link` [ RunTime:0.001170s ]
[ sql ] [ SQL ] SELECT * FROM `link` ORDER BY `weight` DESC [ RunTime:0.000177s ]
[ info ] [ VIEW ] D:\Web\www.tp6.com\app\web\view\home\index.html [ array (
  0 => 'gd',
  1 => 'link',
  2 => 'article',
  3 => 'gg',
) ]
---------------------------------------------------------------
[2021-07-09T11:31:19+08:00] 127.0.0.1 GET www.tp6.com/
[ sql ] [ DB ] CONNECT:[ UseTime:0.000467s ] mysql:host=127.0.0.1;port=3306;dbname=www_tp6_com;charset=utf8
[ sql ] [ SQL ] SHOW FULL COLUMNS FROM `article` [ RunTime:0.001111s ]
[ sql ] [ SQL ] SELECT * FROM `article` WHERE  `status` = 1  AND `type_id` = 3 ORDER BY `create_time` DESC LIMIT 6 [ RunTime:0.000296s ]
[ sql ] [ SQL ] SELECT * FROM `article` WHERE  `status` = 1  AND `type_id` = 1 ORDER BY `create_time` DESC LIMIT 7 [ RunTime:0.000289s ]
[ sql ] [ SQL ] SHOW FULL COLUMNS FROM `link` [ RunTime:0.002146s ]
[ sql ] [ SQL ] SELECT * FROM `link` ORDER BY `weight` DESC [ RunTime:0.001115s ]
[ info ] [ VIEW ] D:\Web\www.tp6.com\app\web\view\home\index.html [ array (
  0 => 'gd',
  1 => 'link',
  2 => 'article',
  3 => 'gg',
) ]
