---------------------------------------------------------------
[2021-04-17T09:02:16+08:00] 127.0.0.1 GET admin.tp6.com/login/index.html
[ info ] [ VIEW ] D:\Web\www.tp6.com\app\admin\view\login\index.html [ array (
) ]
---------------------------------------------------------------
[2021-04-17T09:02:27+08:00] 127.0.0.1 POST admin.tp6.com/login/index.html
[ sql ] [ DB ] CONNECT:[ UseTime:0.001247s ] mysql:host=127.0.0.1;port=3306;dbname=www_tp6_com;charset=utf8
[ sql ] [ SQL ] SHOW FULL COLUMNS FROM `admin` [ RunTime:0.003718s ]
[ sql ] [ SQL ] SELECT * FROM `admin` WHERE  `name` = '神织知更' LIMIT 1 [ RunTime:0.000357s ]
[ sql ] [ SQL ] UPDATE `admin`  SET `login_num` = 539 , `last_login_time` = 1618621347  WHERE  `id` = 1 [ RunTime:0.000245s ]
---------------------------------------------------------------
[2021-04-17T09:02:28+08:00] 127.0.0.1 GET admin.tp6.com/home/index.html
[ sql ] [ DB ] CONNECT:[ UseTime:0.000407s ] mysql:host=127.0.0.1;port=3306;dbname=www_tp6_com;charset=utf8
[ sql ] [ SQL ] SHOW FULL COLUMNS FROM `node` [ RunTime:0.001695s ]
[ sql ] [ SQL ] SELECT `id` FROM `node` ORDER BY `sort` ASC [ RunTime:0.000240s ]
[ info ] [ VIEW ] D:\Web\www.tp6.com\app\admin\view\home\index.html [ array (
  0 => 'node',
) ]
---------------------------------------------------------------
[2021-04-17T09:02:28+08:00] 127.0.0.1 GET admin.tp6.com/home/info.html
[ sql ] [ DB ] CONNECT:[ UseTime:0.000470s ] mysql:host=127.0.0.1;port=3306;dbname=www_tp6_com;charset=utf8
[ sql ] [ SQL ] SHOW FULL COLUMNS FROM `admin` [ RunTime:0.001932s ]
[ sql ] [ SQL ] SELECT * FROM `admin` WHERE  `id` = 1 LIMIT 1 [ RunTime:0.000422s ]
[ sql ] [ SQL ] SHOW FULL COLUMNS FROM `admin_role` [ RunTime:0.002814s ]
[ sql ] [ SQL ] SHOW FULL COLUMNS FROM `role` [ RunTime:0.001581s ]
[ sql ] [ SQL ] SELECT `role`.*,`pivot`.`admin_id` AS `pivot__admin_id`,`pivot`.`role_id` AS `pivot__role_id` FROM `role` INNER JOIN `admin_role` `pivot` ON `pivot`.`role_id`=`role`.`id` WHERE  `pivot`.`admin_id` = 1 [ RunTime:0.000296s ]
[ info ] [ VIEW ] D:\Web\www.tp6.com\app\admin\view\home\info.html [ array (
  0 => 'admin',
  1 => 'adminRole',
) ]
---------------------------------------------------------------
[2021-04-17T09:02:32+08:00] 127.0.0.1 GET admin.tp6.com/admin/index.html
[ sql ] [ DB ] CONNECT:[ UseTime:0.000467s ] mysql:host=127.0.0.1;port=3306;dbname=www_tp6_com;charset=utf8
[ sql ] [ SQL ] SHOW FULL COLUMNS FROM `admin` [ RunTime:0.001031s ]
[ sql ] [ SQL ] SELECT `id` FROM `admin` [ RunTime:0.000143s ]
[ sql ] [ SQL ] SELECT * FROM `admin` WHERE  `id` = 1 LIMIT 1 [ RunTime:0.000176s ]
[ sql ] [ SQL ] SHOW FULL COLUMNS FROM `admin_role` [ RunTime:0.000853s ]
[ sql ] [ SQL ] SHOW FULL COLUMNS FROM `role` [ RunTime:0.000835s ]
[ sql ] [ SQL ] SELECT `role`.*,`pivot`.`admin_id` AS `pivot__admin_id`,`pivot`.`role_id` AS `pivot__role_id` FROM `role` INNER JOIN `admin_role` `pivot` ON `pivot`.`role_id`=`role`.`id` WHERE  `pivot`.`admin_id` = 1 [ RunTime:0.000232s ]
[ sql ] [ SQL ] SELECT * FROM `admin` WHERE  `id` = 3 LIMIT 1 [ RunTime:0.000166s ]
[ sql ] [ SQL ] SELECT `role`.*,`pivot`.`admin_id` AS `pivot__admin_id`,`pivot`.`role_id` AS `pivot__role_id` FROM `role` INNER JOIN `admin_role` `pivot` ON `pivot`.`role_id`=`role`.`id` WHERE  `pivot`.`admin_id` = 3 [ RunTime:0.000201s ]
[ info ] [ VIEW ] D:\Web\www.tp6.com\app\admin\view\admin\index.html [ array (
  0 => 'adminList',
) ]
---------------------------------------------------------------
[2021-04-17T09:02:34+08:00] 127.0.0.1 GET admin.tp6.com/admin/admin_edit.html?id=1
[ sql ] [ DB ] CONNECT:[ UseTime:0.000403s ] mysql:host=127.0.0.1;port=3306;dbname=www_tp6_com;charset=utf8
[ sql ] [ SQL ] SHOW FULL COLUMNS FROM `admin` [ RunTime:0.001052s ]
[ sql ] [ SQL ] SELECT * FROM `admin` WHERE  `id` = 1 LIMIT 1 [ RunTime:0.000208s ]
[ sql ] [ SQL ] SHOW FULL COLUMNS FROM `admin_role` [ RunTime:0.001833s ]
[ sql ] [ SQL ] SHOW FULL COLUMNS FROM `role` [ RunTime:0.002909s ]
[ sql ] [ SQL ] SELECT `role`.*,`pivot`.`admin_id` AS `pivot__admin_id`,`pivot`.`role_id` AS `pivot__role_id` FROM `role` INNER JOIN `admin_role` `pivot` ON `pivot`.`role_id`=`role`.`id` WHERE  `pivot`.`admin_id` = 1 [ RunTime:0.000742s ]
[ sql ] [ SQL ] SELECT * FROM `role` [ RunTime:0.000402s ]
[ info ] [ VIEW ] D:\Web\www.tp6.com\app\admin\view\admin\admin_edit.html [ array (
  0 => 'admin',
  1 => 'adminRole',
  2 => 'role',
) ]
---------------------------------------------------------------
[2021-04-17T09:03:59+08:00] 127.0.0.1 GET admin.tp6.com/admin/admin_edit?id=1
[ sql ] [ DB ] CONNECT:[ UseTime:0.000413s ] mysql:host=127.0.0.1;port=3306;dbname=www_tp6_com;charset=utf8
[ sql ] [ SQL ] SHOW FULL COLUMNS FROM `admin` [ RunTime:0.001032s ]
[ sql ] [ SQL ] SELECT * FROM `admin` WHERE  `id` = 1 LIMIT 1 [ RunTime:0.000196s ]
[ sql ] [ SQL ] SHOW FULL COLUMNS FROM `admin_role` [ RunTime:0.000934s ]
[ sql ] [ SQL ] SHOW FULL COLUMNS FROM `role` [ RunTime:0.000871s ]
[ sql ] [ SQL ] SELECT `role`.*,`pivot`.`admin_id` AS `pivot__admin_id`,`pivot`.`role_id` AS `pivot__role_id` FROM `role` INNER JOIN `admin_role` `pivot` ON `pivot`.`role_id`=`role`.`id` WHERE  `pivot`.`admin_id` = 1 [ RunTime:0.000223s ]
[ sql ] [ SQL ] SELECT * FROM `role` [ RunTime:0.000131s ]
[ info ] [ VIEW ] D:\Web\www.tp6.com\app\admin\view\admin\admin_edit.html [ array (
  0 => 'admin',
  1 => 'adminRole',
  2 => 'role',
) ]
---------------------------------------------------------------
[2021-04-17T09:04:05+08:00] 127.0.0.1 GET admin.tp6.com/admin/admin_edit/id/1
[ sql ] [ DB ] CONNECT:[ UseTime:0.000412s ] mysql:host=127.0.0.1;port=3306;dbname=www_tp6_com;charset=utf8
[ sql ] [ SQL ] SHOW FULL COLUMNS FROM `admin` [ RunTime:0.001043s ]
[ sql ] [ SQL ] SELECT * FROM `admin` WHERE  `id` = 1 LIMIT 1 [ RunTime:0.000197s ]
[ sql ] [ SQL ] SHOW FULL COLUMNS FROM `admin_role` [ RunTime:0.000872s ]
[ sql ] [ SQL ] SHOW FULL COLUMNS FROM `role` [ RunTime:0.000860s ]
[ sql ] [ SQL ] SELECT `role`.*,`pivot`.`admin_id` AS `pivot__admin_id`,`pivot`.`role_id` AS `pivot__role_id` FROM `role` INNER JOIN `admin_role` `pivot` ON `pivot`.`role_id`=`role`.`id` WHERE  `pivot`.`admin_id` = 1 [ RunTime:0.000210s ]
[ sql ] [ SQL ] SELECT * FROM `role` [ RunTime:0.000137s ]
[ info ] [ VIEW ] D:\Web\www.tp6.com\app\admin\view\admin\admin_edit.html [ array (
  0 => 'admin',
  1 => 'adminRole',
  2 => 'role',
) ]
---------------------------------------------------------------
[2021-04-17T09:23:38+08:00] 127.0.0.1 GET admin.tp6.com/admin/admin_edit/id/1
[ sql ] [ DB ] CONNECT:[ UseTime:0.000615s ] mysql:host=127.0.0.1;port=3306;dbname=www_tp6_com;charset=utf8
[ sql ] [ SQL ] SHOW FULL COLUMNS FROM `admin` [ RunTime:0.000639s ]
[ sql ] [ SQL ] SELECT * FROM `admin` WHERE  `id` = 1 LIMIT 1 [ RunTime:0.000222s ]
[ sql ] [ SQL ] SHOW FULL COLUMNS FROM `admin_role` [ RunTime:0.000350s ]
[ sql ] [ SQL ] SHOW FULL COLUMNS FROM `role` [ RunTime:0.000398s ]
[ sql ] [ SQL ] SELECT `role`.*,`pivot`.`admin_id` AS `pivot__admin_id`,`pivot`.`role_id` AS `pivot__role_id` FROM `role` INNER JOIN `admin_role` `pivot` ON `pivot`.`role_id`=`role`.`id` WHERE  `pivot`.`admin_id` = 1 [ RunTime:0.000231s ]
[ sql ] [ SQL ] SELECT * FROM `role` [ RunTime:0.000137s ]
[ info ] [ VIEW ] D:\Web\www.tp6.com\app\admin\view\admin\admin_edit.html [ array (
  0 => 'admin',
  1 => 'adminRole',
  2 => 'role',
) ]
---------------------------------------------------------------
[2021-04-17T09:24:39+08:00] 127.0.0.1 GET admin.tp6.com/admin/admin_edit/id/1
[ sql ] [ DB ] CONNECT:[ UseTime:0.000481s ] mysql:host=127.0.0.1;port=3306;dbname=www_tp6_com;charset=utf8
[ sql ] [ SQL ] SHOW FULL COLUMNS FROM `admin` [ RunTime:0.000652s ]
[ sql ] [ SQL ] SELECT * FROM `admin` WHERE  `id` = 1 LIMIT 1 [ RunTime:0.000494s ]
[ sql ] [ SQL ] SHOW FULL COLUMNS FROM `admin_role` [ RunTime:0.000800s ]
[ sql ] [ SQL ] SHOW FULL COLUMNS FROM `role` [ RunTime:0.001140s ]
[ sql ] [ SQL ] SELECT `role`.*,`pivot`.`admin_id` AS `pivot__admin_id`,`pivot`.`role_id` AS `pivot__role_id` FROM `role` INNER JOIN `admin_role` `pivot` ON `pivot`.`role_id`=`role`.`id` WHERE  `pivot`.`admin_id` = 1 [ RunTime:0.000276s ]
[ sql ] [ SQL ] SELECT * FROM `role` [ RunTime:0.000171s ]
[ info ] [ VIEW ] D:\Web\www.tp6.com\app\admin\view\admin\admin_edit.html [ array (
  0 => 'admin',
  1 => 'adminRole',
  2 => 'role',
) ]
---------------------------------------------------------------
[2021-04-17T09:24:39+08:00] 127.0.0.1 GET admin.tp6.com/admin/admin_edit/id/1
[ sql ] [ DB ] CONNECT:[ UseTime:0.000497s ] mysql:host=127.0.0.1;port=3306;dbname=www_tp6_com;charset=utf8
[ sql ] [ SQL ] SHOW FULL COLUMNS FROM `admin` [ RunTime:0.000581s ]
[ sql ] [ SQL ] SELECT * FROM `admin` WHERE  `id` = 1 LIMIT 1 [ RunTime:0.000302s ]
[ sql ] [ SQL ] SHOW FULL COLUMNS FROM `admin_role` [ RunTime:0.000669s ]
[ sql ] [ SQL ] SHOW FULL COLUMNS FROM `role` [ RunTime:0.000395s ]
[ sql ] [ SQL ] SELECT `role`.*,`pivot`.`admin_id` AS `pivot__admin_id`,`pivot`.`role_id` AS `pivot__role_id` FROM `role` INNER JOIN `admin_role` `pivot` ON `pivot`.`role_id`=`role`.`id` WHERE  `pivot`.`admin_id` = 1 [ RunTime:0.000255s ]
[ sql ] [ SQL ] SELECT * FROM `role` [ RunTime:0.000128s ]
[ info ] [ VIEW ] D:\Web\www.tp6.com\app\admin\view\admin\admin_edit.html [ array (
  0 => 'admin',
  1 => 'adminRole',
  2 => 'role',
) ]
---------------------------------------------------------------
[2021-04-17T09:24:40+08:00] 127.0.0.1 GET admin.tp6.com/admin/admin_edit/id/1
[ sql ] [ DB ] CONNECT:[ UseTime:0.000398s ] mysql:host=127.0.0.1;port=3306;dbname=www_tp6_com;charset=utf8
[ sql ] [ SQL ] SHOW FULL COLUMNS FROM `admin` [ RunTime:0.000475s ]
[ sql ] [ SQL ] SELECT * FROM `admin` WHERE  `id` = 1 LIMIT 1 [ RunTime:0.000188s ]
[ sql ] [ SQL ] SHOW FULL COLUMNS FROM `admin_role` [ RunTime:0.000341s ]
[ sql ] [ SQL ] SHOW FULL COLUMNS FROM `role` [ RunTime:0.000335s ]
[ sql ] [ SQL ] SELECT `role`.*,`pivot`.`admin_id` AS `pivot__admin_id`,`pivot`.`role_id` AS `pivot__role_id` FROM `role` INNER JOIN `admin_role` `pivot` ON `pivot`.`role_id`=`role`.`id` WHERE  `pivot`.`admin_id` = 1 [ RunTime:0.000210s ]
[ sql ] [ SQL ] SELECT * FROM `role` [ RunTime:0.000134s ]
[ info ] [ VIEW ] D:\Web\www.tp6.com\app\admin\view\admin\admin_edit.html [ array (
  0 => 'admin',
  1 => 'adminRole',
  2 => 'role',
) ]
---------------------------------------------------------------
[2021-04-17T09:24:42+08:00] 127.0.0.1 GET admin.tp6.com/admin/admin_edit/id/1
[ sql ] [ DB ] CONNECT:[ UseTime:0.000528s ] mysql:host=127.0.0.1;port=3306;dbname=www_tp6_com;charset=utf8
[ sql ] [ SQL ] SHOW FULL COLUMNS FROM `admin` [ RunTime:0.000542s ]
[ sql ] [ SQL ] SELECT * FROM `admin` WHERE  `id` = 1 LIMIT 1 [ RunTime:0.000694s ]
[ sql ] [ SQL ] SHOW FULL COLUMNS FROM `admin_role` [ RunTime:0.000433s ]
[ sql ] [ SQL ] SHOW FULL COLUMNS FROM `role` [ RunTime:0.000337s ]
[ sql ] [ SQL ] SELECT `role`.*,`pivot`.`admin_id` AS `pivot__admin_id`,`pivot`.`role_id` AS `pivot__role_id` FROM `role` INNER JOIN `admin_role` `pivot` ON `pivot`.`role_id`=`role`.`id` WHERE  `pivot`.`admin_id` = 1 [ RunTime:0.000219s ]
[ sql ] [ SQL ] SELECT * FROM `role` [ RunTime:0.000141s ]
[ info ] [ VIEW ] D:\Web\www.tp6.com\app\admin\view\admin\admin_edit.html [ array (
  0 => 'admin',
  1 => 'adminRole',
  2 => 'role',
) ]
